<?xml version="1.0" encoding="UTF-8"?>
<!DOCTYPE coverage SYSTEM "http://cobertura.sourceforge.net/xml/coverage-04.dtd">
<coverage line-rate="0.52733617681272" branch-rate="0" lines-covered="1360" lines-valid="2579" branches-covered="0" branches-valid="0" complexity="566" version="0.4" timestamp="1712254278">
  <sources>
    <source>/app/src</source>
  </sources>
  <packages>
    <package name="Http/Controllers/CampaignController.php" line-rate="0.43589743589744" branch-rate="0" complexity="39">
      <classes>
        <class name="Playground\Lead\Resource\Http\Controllers\CampaignController" filename="Http/Controllers/CampaignController.php" line-rate="0.43589743589744" branch-rate="0" complexity="39">
          <methods>
            <method name="create" signature="Playground\Lead\Resource\Http\Requests\Campaign\CreateRequest $request" line-rate="0.22222222222222" branch-rate="0" complexity="3">
              <lines>
                <line number="61" hits="1"/>
                <line number="63" hits="1"/>
                <line number="65" hits="1"/>
                <line number="66" hits="1"/>
                <line number="67" hits="1"/>
                <line number="68" hits="1"/>
                <line number="71" hits="0"/>
                <line number="73" hits="0"/>
                <line number="75" hits="0"/>
                <line number="76" hits="0"/>
                <line number="77" hits="0"/>
                <line number="78" hits="0"/>
                <line number="79" hits="0"/>
                <line number="80" hits="0"/>
                <line number="81" hits="0"/>
                <line number="82" hits="0"/>
                <line number="84" hits="0"/>
                <line number="85" hits="0"/>
                <line number="86" hits="0"/>
                <line number="87" hits="0"/>
                <line number="88" hits="0"/>
                <line number="90" hits="0"/>
                <line number="92" hits="0"/>
                <line number="93" hits="0"/>
                <line number="94" hits="0"/>
                <line number="97" hits="0"/>
                <line number="99" hits="0"/>
              </lines>
            </method>
            <method name="edit" signature="Playground\Lead\Models\Campaign $campaign, Playground\Lead\Resource\Http\Requests\Campaign\EditRequest $request" line-rate="0.14285714285714" branch-rate="0" complexity="3">
              <lines>
                <line number="112" hits="1"/>
                <line number="113" hits="1"/>
                <line number="114" hits="1"/>
                <line number="115" hits="1"/>
                <line number="118" hits="0"/>
                <line number="120" hits="0"/>
                <line number="122" hits="0"/>
                <line number="123" hits="0"/>
                <line number="124" hits="0"/>
                <line number="125" hits="0"/>
                <line number="126" hits="0"/>
                <line number="127" hits="0"/>
                <line number="128" hits="0"/>
                <line number="129" hits="0"/>
                <line number="131" hits="0"/>
                <line number="132" hits="0"/>
                <line number="133" hits="0"/>
                <line number="134" hits="0"/>
                <line number="135" hits="0"/>
                <line number="137" hits="0"/>
                <line number="139" hits="0"/>
                <line number="140" hits="0"/>
                <line number="141" hits="0"/>
                <line number="144" hits="0"/>
                <line number="146" hits="0"/>
                <line number="147" hits="0"/>
                <line number="148" hits="0"/>
                <line number="149" hits="0"/>
              </lines>
            </method>
            <method name="destroy" signature="Playground\Lead\Models\Campaign $campaign, Playground\Lead\Resource\Http\Requests\Campaign\DestroyRequest $request" line-rate="0.6" branch-rate="0" complexity="5">
              <lines>
                <line number="161" hits="4"/>
                <line number="163" hits="4"/>
                <line number="164" hits="3"/>
                <line number="166" hits="1"/>
                <line number="169" hits="4"/>
                <line number="170" hits="4"/>
                <line number="173" hits="0"/>
                <line number="175" hits="0"/>
                <line number="176" hits="0"/>
                <line number="179" hits="0"/>
              </lines>
            </method>
            <method name="lock" signature="Playground\Lead\Models\Campaign $campaign, Playground\Lead\Resource\Http\Requests\Campaign\LockRequest $request" line-rate="0.54545454545455" branch-rate="0" complexity="4">
              <lines>
                <line number="192" hits="2"/>
                <line number="194" hits="2"/>
                <line number="196" hits="2"/>
                <line number="197" hits="2"/>
                <line number="198" hits="2"/>
                <line number="199" hits="2"/>
                <line number="202" hits="0"/>
                <line number="204" hits="0"/>
                <line number="206" hits="0"/>
                <line number="207" hits="0"/>
                <line number="210" hits="0"/>
              </lines>
            </method>
            <method name="index" signature="Playground\Lead\Resource\Http\Requests\Campaign\IndexRequest $request" line-rate="0.59183673469388" branch-rate="0" complexity="6">
              <lines>
                <line number="221" hits="2"/>
                <line number="223" hits="2"/>
                <line number="225" hits="2"/>
                <line number="227" hits="2"/>
                <line number="229" hits="2"/>
                <line number="230" hits="1"/>
                <line number="232" hits="1"/>
                <line number="233" hits="1"/>
                <line number="234" hits="1"/>
                <line number="235" hits="1"/>
                <line number="237" hits="1"/>
                <line number="238" hits="1"/>
                <line number="239" hits="1"/>
                <line number="240" hits="1"/>
                <line number="242" hits="1"/>
                <line number="243" hits="1"/>
                <line number="244" hits="1"/>
                <line number="245" hits="1"/>
                <line number="247" hits="1"/>
                <line number="248" hits="1"/>
                <line number="249" hits="1"/>
                <line number="250" hits="1"/>
                <line number="253" hits="2"/>
                <line number="254" hits="2"/>
                <line number="256" hits="2"/>
                <line number="258" hits="2"/>
                <line number="259" hits="2"/>
                <line number="260" hits="2"/>
                <line number="261" hits="2"/>
                <line number="264" hits="0"/>
                <line number="265" hits="0"/>
                <line number="266" hits="0"/>
                <line number="267" hits="0"/>
                <line number="268" hits="0"/>
                <line number="269" hits="0"/>
                <line number="270" hits="0"/>
                <line number="271" hits="0"/>
                <line number="272" hits="0"/>
                <line number="273" hits="0"/>
                <line number="274" hits="0"/>
                <line number="275" hits="0"/>
                <line number="277" hits="0"/>
                <line number="278" hits="0"/>
                <line number="279" hits="0"/>
                <line number="280" hits="0"/>
                <line number="282" hits="0"/>
                <line number="283" hits="0"/>
                <line number="284" hits="0"/>
                <line number="285" hits="0"/>
              </lines>
            </method>
            <method name="restore" signature="Playground\Lead\Models\Campaign $campaign, Playground\Lead\Resource\Http\Requests\Campaign\RestoreRequest $request" line-rate="0.63636363636364" branch-rate="0" complexity="4">
              <lines>
                <line number="297" hits="2"/>
                <line number="299" hits="2"/>
                <line number="301" hits="2"/>
                <line number="303" hits="2"/>
                <line number="304" hits="2"/>
                <line number="305" hits="2"/>
                <line number="306" hits="2"/>
                <line number="309" hits="0"/>
                <line number="311" hits="0"/>
                <line number="312" hits="0"/>
                <line number="315" hits="0"/>
              </lines>
            </method>
            <method name="show" signature="Playground\Lead\Models\Campaign $campaign, Playground\Lead\Resource\Http\Requests\Campaign\ShowRequest $request" line-rate="0.17391304347826" branch-rate="0" complexity="2">
              <lines>
                <line number="327" hits="1"/>
                <line number="328" hits="1"/>
                <line number="329" hits="1"/>
                <line number="330" hits="1"/>
                <line number="332" hits="0"/>
                <line number="334" hits="0"/>
                <line number="336" hits="0"/>
                <line number="337" hits="0"/>
                <line number="338" hits="0"/>
                <line number="339" hits="0"/>
                <line number="340" hits="0"/>
                <line number="341" hits="0"/>
                <line number="342" hits="0"/>
                <line number="344" hits="0"/>
                <line number="345" hits="0"/>
                <line number="347" hits="0"/>
                <line number="348" hits="0"/>
                <line number="349" hits="0"/>
                <line number="350" hits="0"/>
                <line number="352" hits="0"/>
                <line number="353" hits="0"/>
                <line number="354" hits="0"/>
                <line number="355" hits="0"/>
              </lines>
            </method>
            <method name="store" signature="Playground\Lead\Resource\Http\Requests\Campaign\StoreRequest $request" line-rate="0.69230769230769" branch-rate="0" complexity="4">
              <lines>
                <line number="366" hits="1"/>
                <line number="368" hits="1"/>
                <line number="370" hits="1"/>
                <line number="372" hits="1"/>
                <line number="374" hits="1"/>
                <line number="376" hits="1"/>
                <line number="377" hits="1"/>
                <line number="378" hits="1"/>
                <line number="379" hits="1"/>
                <line number="382" hits="0"/>
                <line number="384" hits="0"/>
                <line number="385" hits="0"/>
                <line number="388" hits="0"/>
              </lines>
            </method>
            <method name="unlock" signature="Playground\Lead\Models\Campaign $campaign, Playground\Lead\Resource\Http\Requests\Campaign\UnlockRequest $request" line-rate="0.54545454545455" branch-rate="0" complexity="4">
              <lines>
                <line number="401" hits="2"/>
                <line number="403" hits="2"/>
                <line number="405" hits="2"/>
                <line number="406" hits="2"/>
                <line number="407" hits="2"/>
                <line number="408" hits="2"/>
                <line number="411" hits="0"/>
                <line number="413" hits="0"/>
                <line number="415" hits="0"/>
                <line number="416" hits="0"/>
                <line number="419" hits="0"/>
              </lines>
            </method>
            <method name="update" signature="Playground\Lead\Models\Campaign $campaign, Playground\Lead\Resource\Http\Requests\Campaign\UpdateRequest $request" line-rate="0.66666666666667" branch-rate="0" complexity="4">
              <lines>
                <line number="431" hits="1"/>
                <line number="433" hits="1"/>
                <line number="435" hits="1"/>
                <line number="437" hits="1"/>
                <line number="439" hits="1"/>
                <line number="440" hits="1"/>
                <line number="441" hits="1"/>
                <line number="442" hits="1"/>
                <line number="445" hits="0"/>
                <line number="447" hits="0"/>
                <line number="448" hits="0"/>
                <line number="451" hits="0"/>
              </lines>
            </method>
          </methods>
          <lines>
            <line number="61" hits="1"/>
            <line number="63" hits="1"/>
            <line number="65" hits="1"/>
            <line number="66" hits="1"/>
            <line number="67" hits="1"/>
            <line number="68" hits="1"/>
            <line number="71" hits="0"/>
            <line number="73" hits="0"/>
            <line number="75" hits="0"/>
            <line number="76" hits="0"/>
            <line number="77" hits="0"/>
            <line number="78" hits="0"/>
            <line number="79" hits="0"/>
            <line number="80" hits="0"/>
            <line number="81" hits="0"/>
            <line number="82" hits="0"/>
            <line number="84" hits="0"/>
            <line number="85" hits="0"/>
            <line number="86" hits="0"/>
            <line number="87" hits="0"/>
            <line number="88" hits="0"/>
            <line number="90" hits="0"/>
            <line number="92" hits="0"/>
            <line number="93" hits="0"/>
            <line number="94" hits="0"/>
            <line number="97" hits="0"/>
            <line number="99" hits="0"/>
            <line number="112" hits="1"/>
            <line number="113" hits="1"/>
            <line number="114" hits="1"/>
            <line number="115" hits="1"/>
            <line number="118" hits="0"/>
            <line number="120" hits="0"/>
            <line number="122" hits="0"/>
            <line number="123" hits="0"/>
            <line number="124" hits="0"/>
            <line number="125" hits="0"/>
            <line number="126" hits="0"/>
            <line number="127" hits="0"/>
            <line number="128" hits="0"/>
            <line number="129" hits="0"/>
            <line number="131" hits="0"/>
            <line number="132" hits="0"/>
            <line number="133" hits="0"/>
            <line number="134" hits="0"/>
            <line number="135" hits="0"/>
            <line number="137" hits="0"/>
            <line number="139" hits="0"/>
            <line number="140" hits="0"/>
            <line number="141" hits="0"/>
            <line number="144" hits="0"/>
            <line number="146" hits="0"/>
            <line number="147" hits="0"/>
            <line number="148" hits="0"/>
            <line number="149" hits="0"/>
            <line number="161" hits="4"/>
            <line number="163" hits="4"/>
            <line number="164" hits="3"/>
            <line number="166" hits="1"/>
            <line number="169" hits="4"/>
            <line number="170" hits="4"/>
            <line number="173" hits="0"/>
            <line number="175" hits="0"/>
            <line number="176" hits="0"/>
            <line number="179" hits="0"/>
            <line number="192" hits="2"/>
            <line number="194" hits="2"/>
            <line number="196" hits="2"/>
            <line number="197" hits="2"/>
            <line number="198" hits="2"/>
            <line number="199" hits="2"/>
            <line number="202" hits="0"/>
            <line number="204" hits="0"/>
            <line number="206" hits="0"/>
            <line number="207" hits="0"/>
            <line number="210" hits="0"/>
            <line number="221" hits="2"/>
            <line number="223" hits="2"/>
            <line number="225" hits="2"/>
            <line number="227" hits="2"/>
            <line number="229" hits="2"/>
            <line number="230" hits="1"/>
            <line number="232" hits="1"/>
            <line number="233" hits="1"/>
            <line number="234" hits="1"/>
            <line number="235" hits="1"/>
            <line number="237" hits="1"/>
            <line number="238" hits="1"/>
            <line number="239" hits="1"/>
            <line number="240" hits="1"/>
            <line number="242" hits="1"/>
            <line number="243" hits="1"/>
            <line number="244" hits="1"/>
            <line number="245" hits="1"/>
            <line number="247" hits="1"/>
            <line number="248" hits="1"/>
            <line number="249" hits="1"/>
            <line number="250" hits="1"/>
            <line number="253" hits="2"/>
            <line number="254" hits="2"/>
            <line number="256" hits="2"/>
            <line number="258" hits="2"/>
            <line number="259" hits="2"/>
            <line number="260" hits="2"/>
            <line number="261" hits="2"/>
            <line number="264" hits="0"/>
            <line number="265" hits="0"/>
            <line number="266" hits="0"/>
            <line number="267" hits="0"/>
            <line number="268" hits="0"/>
            <line number="269" hits="0"/>
            <line number="270" hits="0"/>
            <line number="271" hits="0"/>
            <line number="272" hits="0"/>
            <line number="273" hits="0"/>
            <line number="274" hits="0"/>
            <line number="275" hits="0"/>
            <line number="277" hits="0"/>
            <line number="278" hits="0"/>
            <line number="279" hits="0"/>
            <line number="280" hits="0"/>
            <line number="282" hits="0"/>
            <line number="283" hits="0"/>
            <line number="284" hits="0"/>
            <line number="285" hits="0"/>
            <line number="297" hits="2"/>
            <line number="299" hits="2"/>
            <line number="301" hits="2"/>
            <line number="303" hits="2"/>
            <line number="304" hits="2"/>
            <line number="305" hits="2"/>
            <line number="306" hits="2"/>
            <line number="309" hits="0"/>
            <line number="311" hits="0"/>
            <line number="312" hits="0"/>
            <line number="315" hits="0"/>
            <line number="327" hits="1"/>
            <line number="328" hits="1"/>
            <line number="329" hits="1"/>
            <line number="330" hits="1"/>
            <line number="332" hits="0"/>
            <line number="334" hits="0"/>
            <line number="336" hits="0"/>
            <line number="337" hits="0"/>
            <line number="338" hits="0"/>
            <line number="339" hits="0"/>
            <line number="340" hits="0"/>
            <line number="341" hits="0"/>
            <line number="342" hits="0"/>
            <line number="344" hits="0"/>
            <line number="345" hits="0"/>
            <line number="347" hits="0"/>
            <line number="348" hits="0"/>
            <line number="349" hits="0"/>
            <line number="350" hits="0"/>
            <line number="352" hits="0"/>
            <line number="353" hits="0"/>
            <line number="354" hits="0"/>
            <line number="355" hits="0"/>
            <line number="366" hits="1"/>
            <line number="368" hits="1"/>
            <line number="370" hits="1"/>
            <line number="372" hits="1"/>
            <line number="374" hits="1"/>
            <line number="376" hits="1"/>
            <line number="377" hits="1"/>
            <line number="378" hits="1"/>
            <line number="379" hits="1"/>
            <line number="382" hits="0"/>
            <line number="384" hits="0"/>
            <line number="385" hits="0"/>
            <line number="388" hits="0"/>
            <line number="401" hits="2"/>
            <line number="403" hits="2"/>
            <line number="405" hits="2"/>
            <line number="406" hits="2"/>
            <line number="407" hits="2"/>
            <line number="408" hits="2"/>
            <line number="411" hits="0"/>
            <line number="413" hits="0"/>
            <line number="415" hits="0"/>
            <line number="416" hits="0"/>
            <line number="419" hits="0"/>
            <line number="431" hits="1"/>
            <line number="433" hits="1"/>
            <line number="435" hits="1"/>
            <line number="437" hits="1"/>
            <line number="439" hits="1"/>
            <line number="440" hits="1"/>
            <line number="441" hits="1"/>
            <line number="442" hits="1"/>
            <line number="445" hits="0"/>
            <line number="447" hits="0"/>
            <line number="448" hits="0"/>
            <line number="451" hits="0"/>
          </lines>
        </class>
      </classes>
    </package>
    <package name="Http/Controllers/Controller.php" line-rate="0" branch-rate="0" complexity="4">
      <classes>
        <class name="Playground\Lead\Resource\Http\Controllers\Controller" filename="Http/Controllers/Controller.php" line-rate="0" branch-rate="0" complexity="4">
          <methods>
            <method name="getViewPath" signature="string $controller, string $view" line-rate="0" branch-rate="0" complexity="4">
              <lines>
                <line number="27" hits="0"/>
                <line number="29" hits="0"/>
                <line number="30" hits="0"/>
                <line number="31" hits="0"/>
                <line number="32" hits="0"/>
                <line number="33" hits="0"/>
                <line number="34" hits="0"/>
                <line number="35" hits="0"/>
              </lines>
            </method>
          </methods>
          <lines>
            <line number="27" hits="0"/>
            <line number="29" hits="0"/>
            <line number="30" hits="0"/>
            <line number="31" hits="0"/>
            <line number="32" hits="0"/>
            <line number="33" hits="0"/>
            <line number="34" hits="0"/>
            <line number="35" hits="0"/>
          </lines>
        </class>
      </classes>
    </package>
    <package name="Http/Controllers/GoalController.php" line-rate="0.43589743589744" branch-rate="0" complexity="39">
      <classes>
        <class name="Playground\Lead\Resource\Http\Controllers\GoalController" filename="Http/Controllers/GoalController.php" line-rate="0.43589743589744" branch-rate="0" complexity="39">
          <methods>
            <method name="create" signature="Playground\Lead\Resource\Http\Requests\Goal\CreateRequest $request" line-rate="0.22222222222222" branch-rate="0" complexity="3">
              <lines>
                <line number="61" hits="1"/>
                <line number="63" hits="1"/>
                <line number="65" hits="1"/>
                <line number="66" hits="1"/>
                <line number="67" hits="1"/>
                <line number="68" hits="1"/>
                <line number="71" hits="0"/>
                <line number="73" hits="0"/>
                <line number="75" hits="0"/>
                <line number="76" hits="0"/>
                <line number="77" hits="0"/>
                <line number="78" hits="0"/>
                <line number="79" hits="0"/>
                <line number="80" hits="0"/>
                <line number="81" hits="0"/>
                <line number="82" hits="0"/>
                <line number="84" hits="0"/>
                <line number="85" hits="0"/>
                <line number="86" hits="0"/>
                <line number="87" hits="0"/>
                <line number="88" hits="0"/>
                <line number="90" hits="0"/>
                <line number="92" hits="0"/>
                <line number="93" hits="0"/>
                <line number="94" hits="0"/>
                <line number="97" hits="0"/>
                <line number="99" hits="0"/>
              </lines>
            </method>
            <method name="edit" signature="Playground\Lead\Models\Goal $goal, Playground\Lead\Resource\Http\Requests\Goal\EditRequest $request" line-rate="0.14285714285714" branch-rate="0" complexity="3">
              <lines>
                <line number="112" hits="1"/>
                <line number="113" hits="1"/>
                <line number="114" hits="1"/>
                <line number="115" hits="1"/>
                <line number="118" hits="0"/>
                <line number="120" hits="0"/>
                <line number="122" hits="0"/>
                <line number="123" hits="0"/>
                <line number="124" hits="0"/>
                <line number="125" hits="0"/>
                <line number="126" hits="0"/>
                <line number="127" hits="0"/>
                <line number="128" hits="0"/>
                <line number="129" hits="0"/>
                <line number="131" hits="0"/>
                <line number="132" hits="0"/>
                <line number="133" hits="0"/>
                <line number="134" hits="0"/>
                <line number="135" hits="0"/>
                <line number="137" hits="0"/>
                <line number="139" hits="0"/>
                <line number="140" hits="0"/>
                <line number="141" hits="0"/>
                <line number="144" hits="0"/>
                <line number="146" hits="0"/>
                <line number="147" hits="0"/>
                <line number="148" hits="0"/>
                <line number="149" hits="0"/>
              </lines>
            </method>
            <method name="destroy" signature="Playground\Lead\Models\Goal $goal, Playground\Lead\Resource\Http\Requests\Goal\DestroyRequest $request" line-rate="0.6" branch-rate="0" complexity="5">
              <lines>
                <line number="161" hits="4"/>
                <line number="163" hits="4"/>
                <line number="164" hits="3"/>
                <line number="166" hits="1"/>
                <line number="169" hits="4"/>
                <line number="170" hits="4"/>
                <line number="173" hits="0"/>
                <line number="175" hits="0"/>
                <line number="176" hits="0"/>
                <line number="179" hits="0"/>
              </lines>
            </method>
            <method name="lock" signature="Playground\Lead\Models\Goal $goal, Playground\Lead\Resource\Http\Requests\Goal\LockRequest $request" line-rate="0.54545454545455" branch-rate="0" complexity="4">
              <lines>
                <line number="192" hits="2"/>
                <line number="194" hits="2"/>
                <line number="196" hits="2"/>
                <line number="197" hits="2"/>
                <line number="198" hits="2"/>
                <line number="199" hits="2"/>
                <line number="202" hits="0"/>
                <line number="204" hits="0"/>
                <line number="206" hits="0"/>
                <line number="207" hits="0"/>
                <line number="210" hits="0"/>
              </lines>
            </method>
            <method name="index" signature="Playground\Lead\Resource\Http\Requests\Goal\IndexRequest $request" line-rate="0.59183673469388" branch-rate="0" complexity="6">
              <lines>
                <line number="221" hits="2"/>
                <line number="223" hits="2"/>
                <line number="225" hits="2"/>
                <line number="227" hits="2"/>
                <line number="229" hits="2"/>
                <line number="230" hits="1"/>
                <line number="232" hits="1"/>
                <line number="233" hits="1"/>
                <line number="234" hits="1"/>
                <line number="235" hits="1"/>
                <line number="237" hits="1"/>
                <line number="238" hits="1"/>
                <line number="239" hits="1"/>
                <line number="240" hits="1"/>
                <line number="242" hits="1"/>
                <line number="243" hits="1"/>
                <line number="244" hits="1"/>
                <line number="245" hits="1"/>
                <line number="247" hits="1"/>
                <line number="248" hits="1"/>
                <line number="249" hits="1"/>
                <line number="250" hits="1"/>
                <line number="253" hits="2"/>
                <line number="254" hits="2"/>
                <line number="256" hits="2"/>
                <line number="258" hits="2"/>
                <line number="259" hits="2"/>
                <line number="260" hits="2"/>
                <line number="261" hits="2"/>
                <line number="264" hits="0"/>
                <line number="265" hits="0"/>
                <line number="266" hits="0"/>
                <line number="267" hits="0"/>
                <line number="268" hits="0"/>
                <line number="269" hits="0"/>
                <line number="270" hits="0"/>
                <line number="271" hits="0"/>
                <line number="272" hits="0"/>
                <line number="273" hits="0"/>
                <line number="274" hits="0"/>
                <line number="275" hits="0"/>
                <line number="277" hits="0"/>
                <line number="278" hits="0"/>
                <line number="279" hits="0"/>
                <line number="280" hits="0"/>
                <line number="282" hits="0"/>
                <line number="283" hits="0"/>
                <line number="284" hits="0"/>
                <line number="285" hits="0"/>
              </lines>
            </method>
            <method name="restore" signature="Playground\Lead\Models\Goal $goal, Playground\Lead\Resource\Http\Requests\Goal\RestoreRequest $request" line-rate="0.63636363636364" branch-rate="0" complexity="4">
              <lines>
                <line number="297" hits="2"/>
                <line number="299" hits="2"/>
                <line number="301" hits="2"/>
                <line number="303" hits="2"/>
                <line number="304" hits="2"/>
                <line number="305" hits="2"/>
                <line number="306" hits="2"/>
                <line number="309" hits="0"/>
                <line number="311" hits="0"/>
                <line number="312" hits="0"/>
                <line number="315" hits="0"/>
              </lines>
            </method>
            <method name="show" signature="Playground\Lead\Models\Goal $goal, Playground\Lead\Resource\Http\Requests\Goal\ShowRequest $request" line-rate="0.17391304347826" branch-rate="0" complexity="2">
              <lines>
                <line number="327" hits="1"/>
                <line number="328" hits="1"/>
                <line number="329" hits="1"/>
                <line number="330" hits="1"/>
                <line number="332" hits="0"/>
                <line number="334" hits="0"/>
                <line number="336" hits="0"/>
                <line number="337" hits="0"/>
                <line number="338" hits="0"/>
                <line number="339" hits="0"/>
                <line number="340" hits="0"/>
                <line number="341" hits="0"/>
                <line number="342" hits="0"/>
                <line number="344" hits="0"/>
                <line number="345" hits="0"/>
                <line number="347" hits="0"/>
                <line number="348" hits="0"/>
                <line number="349" hits="0"/>
                <line number="350" hits="0"/>
                <line number="352" hits="0"/>
                <line number="353" hits="0"/>
                <line number="354" hits="0"/>
                <line number="355" hits="0"/>
              </lines>
            </method>
            <method name="store" signature="Playground\Lead\Resource\Http\Requests\Goal\StoreRequest $request" line-rate="0.69230769230769" branch-rate="0" complexity="4">
              <lines>
                <line number="366" hits="1"/>
                <line number="368" hits="1"/>
                <line number="370" hits="1"/>
                <line number="372" hits="1"/>
                <line number="374" hits="1"/>
                <line number="376" hits="1"/>
                <line number="377" hits="1"/>
                <line number="378" hits="1"/>
                <line number="379" hits="1"/>
                <line number="382" hits="0"/>
                <line number="384" hits="0"/>
                <line number="385" hits="0"/>
                <line number="388" hits="0"/>
              </lines>
            </method>
            <method name="unlock" signature="Playground\Lead\Models\Goal $goal, Playground\Lead\Resource\Http\Requests\Goal\UnlockRequest $request" line-rate="0.54545454545455" branch-rate="0" complexity="4">
              <lines>
                <line number="401" hits="2"/>
                <line number="403" hits="2"/>
                <line number="405" hits="2"/>
                <line number="406" hits="2"/>
                <line number="407" hits="2"/>
                <line number="408" hits="2"/>
                <line number="411" hits="0"/>
                <line number="413" hits="0"/>
                <line number="415" hits="0"/>
                <line number="416" hits="0"/>
                <line number="419" hits="0"/>
              </lines>
            </method>
            <method name="update" signature="Playground\Lead\Models\Goal $goal, Playground\Lead\Resource\Http\Requests\Goal\UpdateRequest $request" line-rate="0.66666666666667" branch-rate="0" complexity="4">
              <lines>
                <line number="431" hits="1"/>
                <line number="433" hits="1"/>
                <line number="435" hits="1"/>
                <line number="437" hits="1"/>
                <line number="439" hits="1"/>
                <line number="440" hits="1"/>
                <line number="441" hits="1"/>
                <line number="442" hits="1"/>
                <line number="445" hits="0"/>
                <line number="447" hits="0"/>
                <line number="448" hits="0"/>
                <line number="451" hits="0"/>
              </lines>
            </method>
          </methods>
          <lines>
            <line number="61" hits="1"/>
            <line number="63" hits="1"/>
            <line number="65" hits="1"/>
            <line number="66" hits="1"/>
            <line number="67" hits="1"/>
            <line number="68" hits="1"/>
            <line number="71" hits="0"/>
            <line number="73" hits="0"/>
            <line number="75" hits="0"/>
            <line number="76" hits="0"/>
            <line number="77" hits="0"/>
            <line number="78" hits="0"/>
            <line number="79" hits="0"/>
            <line number="80" hits="0"/>
            <line number="81" hits="0"/>
            <line number="82" hits="0"/>
            <line number="84" hits="0"/>
            <line number="85" hits="0"/>
            <line number="86" hits="0"/>
            <line number="87" hits="0"/>
            <line number="88" hits="0"/>
            <line number="90" hits="0"/>
            <line number="92" hits="0"/>
            <line number="93" hits="0"/>
            <line number="94" hits="0"/>
            <line number="97" hits="0"/>
            <line number="99" hits="0"/>
            <line number="112" hits="1"/>
            <line number="113" hits="1"/>
            <line number="114" hits="1"/>
            <line number="115" hits="1"/>
            <line number="118" hits="0"/>
            <line number="120" hits="0"/>
            <line number="122" hits="0"/>
            <line number="123" hits="0"/>
            <line number="124" hits="0"/>
            <line number="125" hits="0"/>
            <line number="126" hits="0"/>
            <line number="127" hits="0"/>
            <line number="128" hits="0"/>
            <line number="129" hits="0"/>
            <line number="131" hits="0"/>
            <line number="132" hits="0"/>
            <line number="133" hits="0"/>
            <line number="134" hits="0"/>
            <line number="135" hits="0"/>
            <line number="137" hits="0"/>
            <line number="139" hits="0"/>
            <line number="140" hits="0"/>
            <line number="141" hits="0"/>
            <line number="144" hits="0"/>
            <line number="146" hits="0"/>
            <line number="147" hits="0"/>
            <line number="148" hits="0"/>
            <line number="149" hits="0"/>
            <line number="161" hits="4"/>
            <line number="163" hits="4"/>
            <line number="164" hits="3"/>
            <line number="166" hits="1"/>
            <line number="169" hits="4"/>
            <line number="170" hits="4"/>
            <line number="173" hits="0"/>
            <line number="175" hits="0"/>
            <line number="176" hits="0"/>
            <line number="179" hits="0"/>
            <line number="192" hits="2"/>
            <line number="194" hits="2"/>
            <line number="196" hits="2"/>
            <line number="197" hits="2"/>
            <line number="198" hits="2"/>
            <line number="199" hits="2"/>
            <line number="202" hits="0"/>
            <line number="204" hits="0"/>
            <line number="206" hits="0"/>
            <line number="207" hits="0"/>
            <line number="210" hits="0"/>
            <line number="221" hits="2"/>
            <line number="223" hits="2"/>
            <line number="225" hits="2"/>
            <line number="227" hits="2"/>
            <line number="229" hits="2"/>
            <line number="230" hits="1"/>
            <line number="232" hits="1"/>
            <line number="233" hits="1"/>
            <line number="234" hits="1"/>
            <line number="235" hits="1"/>
            <line number="237" hits="1"/>
            <line number="238" hits="1"/>
            <line number="239" hits="1"/>
            <line number="240" hits="1"/>
            <line number="242" hits="1"/>
            <line number="243" hits="1"/>
            <line number="244" hits="1"/>
            <line number="245" hits="1"/>
            <line number="247" hits="1"/>
            <line number="248" hits="1"/>
            <line number="249" hits="1"/>
            <line number="250" hits="1"/>
            <line number="253" hits="2"/>
            <line number="254" hits="2"/>
            <line number="256" hits="2"/>
            <line number="258" hits="2"/>
            <line number="259" hits="2"/>
            <line number="260" hits="2"/>
            <line number="261" hits="2"/>
            <line number="264" hits="0"/>
            <line number="265" hits="0"/>
            <line number="266" hits="0"/>
            <line number="267" hits="0"/>
            <line number="268" hits="0"/>
            <line number="269" hits="0"/>
            <line number="270" hits="0"/>
            <line number="271" hits="0"/>
            <line number="272" hits="0"/>
            <line number="273" hits="0"/>
            <line number="274" hits="0"/>
            <line number="275" hits="0"/>
            <line number="277" hits="0"/>
            <line number="278" hits="0"/>
            <line number="279" hits="0"/>
            <line number="280" hits="0"/>
            <line number="282" hits="0"/>
            <line number="283" hits="0"/>
            <line number="284" hits="0"/>
            <line number="285" hits="0"/>
            <line number="297" hits="2"/>
            <line number="299" hits="2"/>
            <line number="301" hits="2"/>
            <line number="303" hits="2"/>
            <line number="304" hits="2"/>
            <line number="305" hits="2"/>
            <line number="306" hits="2"/>
            <line number="309" hits="0"/>
            <line number="311" hits="0"/>
            <line number="312" hits="0"/>
            <line number="315" hits="0"/>
            <line number="327" hits="1"/>
            <line number="328" hits="1"/>
            <line number="329" hits="1"/>
            <line number="330" hits="1"/>
            <line number="332" hits="0"/>
            <line number="334" hits="0"/>
            <line number="336" hits="0"/>
            <line number="337" hits="0"/>
            <line number="338" hits="0"/>
            <line number="339" hits="0"/>
            <line number="340" hits="0"/>
            <line number="341" hits="0"/>
            <line number="342" hits="0"/>
            <line number="344" hits="0"/>
            <line number="345" hits="0"/>
            <line number="347" hits="0"/>
            <line number="348" hits="0"/>
            <line number="349" hits="0"/>
            <line number="350" hits="0"/>
            <line number="352" hits="0"/>
            <line number="353" hits="0"/>
            <line number="354" hits="0"/>
            <line number="355" hits="0"/>
            <line number="366" hits="1"/>
            <line number="368" hits="1"/>
            <line number="370" hits="1"/>
            <line number="372" hits="1"/>
            <line number="374" hits="1"/>
            <line number="376" hits="1"/>
            <line number="377" hits="1"/>
            <line number="378" hits="1"/>
            <line number="379" hits="1"/>
            <line number="382" hits="0"/>
            <line number="384" hits="0"/>
            <line number="385" hits="0"/>
            <line number="388" hits="0"/>
            <line number="401" hits="2"/>
            <line number="403" hits="2"/>
            <line number="405" hits="2"/>
            <line number="406" hits="2"/>
            <line number="407" hits="2"/>
            <line number="408" hits="2"/>
            <line number="411" hits="0"/>
            <line number="413" hits="0"/>
            <line number="415" hits="0"/>
            <line number="416" hits="0"/>
            <line number="419" hits="0"/>
            <line number="431" hits="1"/>
            <line number="433" hits="1"/>
            <line number="435" hits="1"/>
            <line number="437" hits="1"/>
            <line number="439" hits="1"/>
            <line number="440" hits="1"/>
            <line number="441" hits="1"/>
            <line number="442" hits="1"/>
            <line number="445" hits="0"/>
            <line number="447" hits="0"/>
            <line number="448" hits="0"/>
            <line number="451" hits="0"/>
          </lines>
        </class>
      </classes>
    </package>
    <package name="Http/Controllers/IndexController.php" line-rate="0" branch-rate="0" complexity="1">
      <classes>
        <class name="Playground\Lead\Resource\Http\Controllers\IndexController" filename="Http/Controllers/IndexController.php" line-rate="0" branch-rate="0" complexity="1">
          <methods>
            <method name="index" signature="" line-rate="0" branch-rate="0" complexity="1">
              <lines>
                <line number="21" hits="0"/>
              </lines>
            </method>
          </methods>
          <lines>
            <line number="21" hits="0"/>
          </lines>
        </class>
      </classes>
    </package>
    <package name="Http/Controllers/LeadController.php" line-rate="0.43589743589744" branch-rate="0" complexity="39">
      <classes>
        <class name="Playground\Lead\Resource\Http\Controllers\LeadController" filename="Http/Controllers/LeadController.php" line-rate="0.43589743589744" branch-rate="0" complexity="39">
          <methods>
            <method name="create" signature="Playground\Lead\Resource\Http\Requests\Lead\CreateRequest $request" line-rate="0.22222222222222" branch-rate="0" complexity="3">
              <lines>
                <line number="61" hits="1"/>
                <line number="63" hits="1"/>
                <line number="65" hits="1"/>
                <line number="66" hits="1"/>
                <line number="67" hits="1"/>
                <line number="68" hits="1"/>
                <line number="71" hits="0"/>
                <line number="73" hits="0"/>
                <line number="75" hits="0"/>
                <line number="76" hits="0"/>
                <line number="77" hits="0"/>
                <line number="78" hits="0"/>
                <line number="79" hits="0"/>
                <line number="80" hits="0"/>
                <line number="81" hits="0"/>
                <line number="82" hits="0"/>
                <line number="84" hits="0"/>
                <line number="85" hits="0"/>
                <line number="86" hits="0"/>
                <line number="87" hits="0"/>
                <line number="88" hits="0"/>
                <line number="90" hits="0"/>
                <line number="92" hits="0"/>
                <line number="93" hits="0"/>
                <line number="94" hits="0"/>
                <line number="97" hits="0"/>
                <line number="99" hits="0"/>
              </lines>
            </method>
            <method name="edit" signature="Playground\Lead\Models\Lead $lead, Playground\Lead\Resource\Http\Requests\Lead\EditRequest $request" line-rate="0.14285714285714" branch-rate="0" complexity="3">
              <lines>
                <line number="112" hits="1"/>
                <line number="113" hits="1"/>
                <line number="114" hits="1"/>
                <line number="115" hits="1"/>
                <line number="118" hits="0"/>
                <line number="120" hits="0"/>
                <line number="122" hits="0"/>
                <line number="123" hits="0"/>
                <line number="124" hits="0"/>
                <line number="125" hits="0"/>
                <line number="126" hits="0"/>
                <line number="127" hits="0"/>
                <line number="128" hits="0"/>
                <line number="129" hits="0"/>
                <line number="131" hits="0"/>
                <line number="132" hits="0"/>
                <line number="133" hits="0"/>
                <line number="134" hits="0"/>
                <line number="135" hits="0"/>
                <line number="137" hits="0"/>
                <line number="139" hits="0"/>
                <line number="140" hits="0"/>
                <line number="141" hits="0"/>
                <line number="144" hits="0"/>
                <line number="146" hits="0"/>
                <line number="147" hits="0"/>
                <line number="148" hits="0"/>
                <line number="149" hits="0"/>
              </lines>
            </method>
            <method name="destroy" signature="Playground\Lead\Models\Lead $lead, Playground\Lead\Resource\Http\Requests\Lead\DestroyRequest $request" line-rate="0.6" branch-rate="0" complexity="5">
              <lines>
                <line number="161" hits="4"/>
                <line number="163" hits="4"/>
                <line number="164" hits="3"/>
                <line number="166" hits="1"/>
                <line number="169" hits="4"/>
                <line number="170" hits="4"/>
                <line number="173" hits="0"/>
                <line number="175" hits="0"/>
                <line number="176" hits="0"/>
                <line number="179" hits="0"/>
              </lines>
            </method>
            <method name="lock" signature="Playground\Lead\Models\Lead $lead, Playground\Lead\Resource\Http\Requests\Lead\LockRequest $request" line-rate="0.54545454545455" branch-rate="0" complexity="4">
              <lines>
                <line number="192" hits="2"/>
                <line number="194" hits="2"/>
                <line number="196" hits="2"/>
                <line number="197" hits="2"/>
                <line number="198" hits="2"/>
                <line number="199" hits="2"/>
                <line number="202" hits="0"/>
                <line number="204" hits="0"/>
                <line number="206" hits="0"/>
                <line number="207" hits="0"/>
                <line number="210" hits="0"/>
              </lines>
            </method>
            <method name="index" signature="Playground\Lead\Resource\Http\Requests\Lead\IndexRequest $request" line-rate="0.59183673469388" branch-rate="0" complexity="6">
              <lines>
                <line number="221" hits="2"/>
                <line number="223" hits="2"/>
                <line number="225" hits="2"/>
                <line number="227" hits="2"/>
                <line number="229" hits="2"/>
                <line number="230" hits="1"/>
                <line number="232" hits="1"/>
                <line number="233" hits="1"/>
                <line number="234" hits="1"/>
                <line number="235" hits="1"/>
                <line number="237" hits="1"/>
                <line number="238" hits="1"/>
                <line number="239" hits="1"/>
                <line number="240" hits="1"/>
                <line number="242" hits="1"/>
                <line number="243" hits="1"/>
                <line number="244" hits="1"/>
                <line number="245" hits="1"/>
                <line number="247" hits="1"/>
                <line number="248" hits="1"/>
                <line number="249" hits="1"/>
                <line number="250" hits="1"/>
                <line number="253" hits="2"/>
                <line number="254" hits="2"/>
                <line number="256" hits="2"/>
                <line number="258" hits="2"/>
                <line number="259" hits="2"/>
                <line number="260" hits="2"/>
                <line number="261" hits="2"/>
                <line number="264" hits="0"/>
                <line number="265" hits="0"/>
                <line number="266" hits="0"/>
                <line number="267" hits="0"/>
                <line number="268" hits="0"/>
                <line number="269" hits="0"/>
                <line number="270" hits="0"/>
                <line number="271" hits="0"/>
                <line number="272" hits="0"/>
                <line number="273" hits="0"/>
                <line number="274" hits="0"/>
                <line number="275" hits="0"/>
                <line number="277" hits="0"/>
                <line number="278" hits="0"/>
                <line number="279" hits="0"/>
                <line number="280" hits="0"/>
                <line number="282" hits="0"/>
                <line number="283" hits="0"/>
                <line number="284" hits="0"/>
                <line number="285" hits="0"/>
              </lines>
            </method>
            <method name="restore" signature="Playground\Lead\Models\Lead $lead, Playground\Lead\Resource\Http\Requests\Lead\RestoreRequest $request" line-rate="0.63636363636364" branch-rate="0" complexity="4">
              <lines>
                <line number="297" hits="2"/>
                <line number="299" hits="2"/>
                <line number="301" hits="2"/>
                <line number="303" hits="2"/>
                <line number="304" hits="2"/>
                <line number="305" hits="2"/>
                <line number="306" hits="2"/>
                <line number="309" hits="0"/>
                <line number="311" hits="0"/>
                <line number="312" hits="0"/>
                <line number="315" hits="0"/>
              </lines>
            </method>
            <method name="show" signature="Playground\Lead\Models\Lead $lead, Playground\Lead\Resource\Http\Requests\Lead\ShowRequest $request" line-rate="0.17391304347826" branch-rate="0" complexity="2">
              <lines>
                <line number="327" hits="1"/>
                <line number="328" hits="1"/>
                <line number="329" hits="1"/>
                <line number="330" hits="1"/>
                <line number="332" hits="0"/>
                <line number="334" hits="0"/>
                <line number="336" hits="0"/>
                <line number="337" hits="0"/>
                <line number="338" hits="0"/>
                <line number="339" hits="0"/>
                <line number="340" hits="0"/>
                <line number="341" hits="0"/>
                <line number="342" hits="0"/>
                <line number="344" hits="0"/>
                <line number="345" hits="0"/>
                <line number="347" hits="0"/>
                <line number="348" hits="0"/>
                <line number="349" hits="0"/>
                <line number="350" hits="0"/>
                <line number="352" hits="0"/>
                <line number="353" hits="0"/>
                <line number="354" hits="0"/>
                <line number="355" hits="0"/>
              </lines>
            </method>
            <method name="store" signature="Playground\Lead\Resource\Http\Requests\Lead\StoreRequest $request" line-rate="0.69230769230769" branch-rate="0" complexity="4">
              <lines>
                <line number="366" hits="1"/>
                <line number="368" hits="1"/>
                <line number="370" hits="1"/>
                <line number="372" hits="1"/>
                <line number="374" hits="1"/>
                <line number="376" hits="1"/>
                <line number="377" hits="1"/>
                <line number="378" hits="1"/>
                <line number="379" hits="1"/>
                <line number="382" hits="0"/>
                <line number="384" hits="0"/>
                <line number="385" hits="0"/>
                <line number="388" hits="0"/>
              </lines>
            </method>
            <method name="unlock" signature="Playground\Lead\Models\Lead $lead, Playground\Lead\Resource\Http\Requests\Lead\UnlockRequest $request" line-rate="0.54545454545455" branch-rate="0" complexity="4">
              <lines>
                <line number="401" hits="2"/>
                <line number="403" hits="2"/>
                <line number="405" hits="2"/>
                <line number="406" hits="2"/>
                <line number="407" hits="2"/>
                <line number="408" hits="2"/>
                <line number="411" hits="0"/>
                <line number="413" hits="0"/>
                <line number="415" hits="0"/>
                <line number="416" hits="0"/>
                <line number="419" hits="0"/>
              </lines>
            </method>
            <method name="update" signature="Playground\Lead\Models\Lead $lead, Playground\Lead\Resource\Http\Requests\Lead\UpdateRequest $request" line-rate="0.66666666666667" branch-rate="0" complexity="4">
              <lines>
                <line number="431" hits="1"/>
                <line number="433" hits="1"/>
                <line number="435" hits="1"/>
                <line number="437" hits="1"/>
                <line number="439" hits="1"/>
                <line number="440" hits="1"/>
                <line number="441" hits="1"/>
                <line number="442" hits="1"/>
                <line number="445" hits="0"/>
                <line number="447" hits="0"/>
                <line number="448" hits="0"/>
                <line number="451" hits="0"/>
              </lines>
            </method>
          </methods>
          <lines>
            <line number="61" hits="1"/>
            <line number="63" hits="1"/>
            <line number="65" hits="1"/>
            <line number="66" hits="1"/>
            <line number="67" hits="1"/>
            <line number="68" hits="1"/>
            <line number="71" hits="0"/>
            <line number="73" hits="0"/>
            <line number="75" hits="0"/>
            <line number="76" hits="0"/>
            <line number="77" hits="0"/>
            <line number="78" hits="0"/>
            <line number="79" hits="0"/>
            <line number="80" hits="0"/>
            <line number="81" hits="0"/>
            <line number="82" hits="0"/>
            <line number="84" hits="0"/>
            <line number="85" hits="0"/>
            <line number="86" hits="0"/>
            <line number="87" hits="0"/>
            <line number="88" hits="0"/>
            <line number="90" hits="0"/>
            <line number="92" hits="0"/>
            <line number="93" hits="0"/>
            <line number="94" hits="0"/>
            <line number="97" hits="0"/>
            <line number="99" hits="0"/>
            <line number="112" hits="1"/>
            <line number="113" hits="1"/>
            <line number="114" hits="1"/>
            <line number="115" hits="1"/>
            <line number="118" hits="0"/>
            <line number="120" hits="0"/>
            <line number="122" hits="0"/>
            <line number="123" hits="0"/>
            <line number="124" hits="0"/>
            <line number="125" hits="0"/>
            <line number="126" hits="0"/>
            <line number="127" hits="0"/>
            <line number="128" hits="0"/>
            <line number="129" hits="0"/>
            <line number="131" hits="0"/>
            <line number="132" hits="0"/>
            <line number="133" hits="0"/>
            <line number="134" hits="0"/>
            <line number="135" hits="0"/>
            <line number="137" hits="0"/>
            <line number="139" hits="0"/>
            <line number="140" hits="0"/>
            <line number="141" hits="0"/>
            <line number="144" hits="0"/>
            <line number="146" hits="0"/>
            <line number="147" hits="0"/>
            <line number="148" hits="0"/>
            <line number="149" hits="0"/>
            <line number="161" hits="4"/>
            <line number="163" hits="4"/>
            <line number="164" hits="3"/>
            <line number="166" hits="1"/>
            <line number="169" hits="4"/>
            <line number="170" hits="4"/>
            <line number="173" hits="0"/>
            <line number="175" hits="0"/>
            <line number="176" hits="0"/>
            <line number="179" hits="0"/>
            <line number="192" hits="2"/>
            <line number="194" hits="2"/>
            <line number="196" hits="2"/>
            <line number="197" hits="2"/>
            <line number="198" hits="2"/>
            <line number="199" hits="2"/>
            <line number="202" hits="0"/>
            <line number="204" hits="0"/>
            <line number="206" hits="0"/>
            <line number="207" hits="0"/>
            <line number="210" hits="0"/>
            <line number="221" hits="2"/>
            <line number="223" hits="2"/>
            <line number="225" hits="2"/>
            <line number="227" hits="2"/>
            <line number="229" hits="2"/>
            <line number="230" hits="1"/>
            <line number="232" hits="1"/>
            <line number="233" hits="1"/>
            <line number="234" hits="1"/>
            <line number="235" hits="1"/>
            <line number="237" hits="1"/>
            <line number="238" hits="1"/>
            <line number="239" hits="1"/>
            <line number="240" hits="1"/>
            <line number="242" hits="1"/>
            <line number="243" hits="1"/>
            <line number="244" hits="1"/>
            <line number="245" hits="1"/>
            <line number="247" hits="1"/>
            <line number="248" hits="1"/>
            <line number="249" hits="1"/>
            <line number="250" hits="1"/>
            <line number="253" hits="2"/>
            <line number="254" hits="2"/>
            <line number="256" hits="2"/>
            <line number="258" hits="2"/>
            <line number="259" hits="2"/>
            <line number="260" hits="2"/>
            <line number="261" hits="2"/>
            <line number="264" hits="0"/>
            <line number="265" hits="0"/>
            <line number="266" hits="0"/>
            <line number="267" hits="0"/>
            <line number="268" hits="0"/>
            <line number="269" hits="0"/>
            <line number="270" hits="0"/>
            <line number="271" hits="0"/>
            <line number="272" hits="0"/>
            <line number="273" hits="0"/>
            <line number="274" hits="0"/>
            <line number="275" hits="0"/>
            <line number="277" hits="0"/>
            <line number="278" hits="0"/>
            <line number="279" hits="0"/>
            <line number="280" hits="0"/>
            <line number="282" hits="0"/>
            <line number="283" hits="0"/>
            <line number="284" hits="0"/>
            <line number="285" hits="0"/>
            <line number="297" hits="2"/>
            <line number="299" hits="2"/>
            <line number="301" hits="2"/>
            <line number="303" hits="2"/>
            <line number="304" hits="2"/>
            <line number="305" hits="2"/>
            <line number="306" hits="2"/>
            <line number="309" hits="0"/>
            <line number="311" hits="0"/>
            <line number="312" hits="0"/>
            <line number="315" hits="0"/>
            <line number="327" hits="1"/>
            <line number="328" hits="1"/>
            <line number="329" hits="1"/>
            <line number="330" hits="1"/>
            <line number="332" hits="0"/>
            <line number="334" hits="0"/>
            <line number="336" hits="0"/>
            <line number="337" hits="0"/>
            <line number="338" hits="0"/>
            <line number="339" hits="0"/>
            <line number="340" hits="0"/>
            <line number="341" hits="0"/>
            <line number="342" hits="0"/>
            <line number="344" hits="0"/>
            <line number="345" hits="0"/>
            <line number="347" hits="0"/>
            <line number="348" hits="0"/>
            <line number="349" hits="0"/>
            <line number="350" hits="0"/>
            <line number="352" hits="0"/>
            <line number="353" hits="0"/>
            <line number="354" hits="0"/>
            <line number="355" hits="0"/>
            <line number="366" hits="1"/>
            <line number="368" hits="1"/>
            <line number="370" hits="1"/>
            <line number="372" hits="1"/>
            <line number="374" hits="1"/>
            <line number="376" hits="1"/>
            <line number="377" hits="1"/>
            <line number="378" hits="1"/>
            <line number="379" hits="1"/>
            <line number="382" hits="0"/>
            <line number="384" hits="0"/>
            <line number="385" hits="0"/>
            <line number="388" hits="0"/>
            <line number="401" hits="2"/>
            <line number="403" hits="2"/>
            <line number="405" hits="2"/>
            <line number="406" hits="2"/>
            <line number="407" hits="2"/>
            <line number="408" hits="2"/>
            <line number="411" hits="0"/>
            <line number="413" hits="0"/>
            <line number="415" hits="0"/>
            <line number="416" hits="0"/>
            <line number="419" hits="0"/>
            <line number="431" hits="1"/>
            <line number="433" hits="1"/>
            <line number="435" hits="1"/>
            <line number="437" hits="1"/>
            <line number="439" hits="1"/>
            <line number="440" hits="1"/>
            <line number="441" hits="1"/>
            <line number="442" hits="1"/>
            <line number="445" hits="0"/>
            <line number="447" hits="0"/>
            <line number="448" hits="0"/>
            <line number="451" hits="0"/>
          </lines>
        </class>
      </classes>
    </package>
    <package name="Http/Controllers/OpportunityController.php" line-rate="0.43589743589744" branch-rate="0" complexity="39">
      <classes>
        <class name="Playground\Lead\Resource\Http\Controllers\OpportunityController" filename="Http/Controllers/OpportunityController.php" line-rate="0.43589743589744" branch-rate="0" complexity="39">
          <methods>
            <method name="create" signature="Playground\Lead\Resource\Http\Requests\Opportunity\CreateRequest $request" line-rate="0.22222222222222" branch-rate="0" complexity="3">
              <lines>
                <line number="61" hits="1"/>
                <line number="63" hits="1"/>
                <line number="65" hits="1"/>
                <line number="66" hits="1"/>
                <line number="67" hits="1"/>
                <line number="68" hits="1"/>
                <line number="71" hits="0"/>
                <line number="73" hits="0"/>
                <line number="75" hits="0"/>
                <line number="76" hits="0"/>
                <line number="77" hits="0"/>
                <line number="78" hits="0"/>
                <line number="79" hits="0"/>
                <line number="80" hits="0"/>
                <line number="81" hits="0"/>
                <line number="82" hits="0"/>
                <line number="84" hits="0"/>
                <line number="85" hits="0"/>
                <line number="86" hits="0"/>
                <line number="87" hits="0"/>
                <line number="88" hits="0"/>
                <line number="90" hits="0"/>
                <line number="92" hits="0"/>
                <line number="93" hits="0"/>
                <line number="94" hits="0"/>
                <line number="97" hits="0"/>
                <line number="99" hits="0"/>
              </lines>
            </method>
            <method name="edit" signature="Playground\Lead\Models\Opportunity $opportunity, Playground\Lead\Resource\Http\Requests\Opportunity\EditRequest $request" line-rate="0.14285714285714" branch-rate="0" complexity="3">
              <lines>
                <line number="112" hits="1"/>
                <line number="113" hits="1"/>
                <line number="114" hits="1"/>
                <line number="115" hits="1"/>
                <line number="118" hits="0"/>
                <line number="120" hits="0"/>
                <line number="122" hits="0"/>
                <line number="123" hits="0"/>
                <line number="124" hits="0"/>
                <line number="125" hits="0"/>
                <line number="126" hits="0"/>
                <line number="127" hits="0"/>
                <line number="128" hits="0"/>
                <line number="129" hits="0"/>
                <line number="131" hits="0"/>
                <line number="132" hits="0"/>
                <line number="133" hits="0"/>
                <line number="134" hits="0"/>
                <line number="135" hits="0"/>
                <line number="137" hits="0"/>
                <line number="139" hits="0"/>
                <line number="140" hits="0"/>
                <line number="141" hits="0"/>
                <line number="144" hits="0"/>
                <line number="146" hits="0"/>
                <line number="147" hits="0"/>
                <line number="148" hits="0"/>
                <line number="149" hits="0"/>
              </lines>
            </method>
            <method name="destroy" signature="Playground\Lead\Models\Opportunity $opportunity, Playground\Lead\Resource\Http\Requests\Opportunity\DestroyRequest $request" line-rate="0.6" branch-rate="0" complexity="5">
              <lines>
                <line number="161" hits="4"/>
                <line number="163" hits="4"/>
                <line number="164" hits="3"/>
                <line number="166" hits="1"/>
                <line number="169" hits="4"/>
                <line number="170" hits="4"/>
                <line number="173" hits="0"/>
                <line number="175" hits="0"/>
                <line number="176" hits="0"/>
                <line number="179" hits="0"/>
              </lines>
            </method>
            <method name="lock" signature="Playground\Lead\Models\Opportunity $opportunity, Playground\Lead\Resource\Http\Requests\Opportunity\LockRequest $request" line-rate="0.54545454545455" branch-rate="0" complexity="4">
              <lines>
                <line number="192" hits="2"/>
                <line number="194" hits="2"/>
                <line number="196" hits="2"/>
                <line number="197" hits="2"/>
                <line number="198" hits="2"/>
                <line number="199" hits="2"/>
                <line number="202" hits="0"/>
                <line number="204" hits="0"/>
                <line number="206" hits="0"/>
                <line number="207" hits="0"/>
                <line number="210" hits="0"/>
              </lines>
            </method>
            <method name="index" signature="Playground\Lead\Resource\Http\Requests\Opportunity\IndexRequest $request" line-rate="0.59183673469388" branch-rate="0" complexity="6">
              <lines>
                <line number="221" hits="2"/>
                <line number="223" hits="2"/>
                <line number="225" hits="2"/>
                <line number="227" hits="2"/>
                <line number="229" hits="2"/>
                <line number="230" hits="1"/>
                <line number="232" hits="1"/>
                <line number="233" hits="1"/>
                <line number="234" hits="1"/>
                <line number="235" hits="1"/>
                <line number="237" hits="1"/>
                <line number="238" hits="1"/>
                <line number="239" hits="1"/>
                <line number="240" hits="1"/>
                <line number="242" hits="1"/>
                <line number="243" hits="1"/>
                <line number="244" hits="1"/>
                <line number="245" hits="1"/>
                <line number="247" hits="1"/>
                <line number="248" hits="1"/>
                <line number="249" hits="1"/>
                <line number="250" hits="1"/>
                <line number="253" hits="2"/>
                <line number="254" hits="2"/>
                <line number="256" hits="2"/>
                <line number="258" hits="2"/>
                <line number="259" hits="2"/>
                <line number="260" hits="2"/>
                <line number="261" hits="2"/>
                <line number="264" hits="0"/>
                <line number="265" hits="0"/>
                <line number="266" hits="0"/>
                <line number="267" hits="0"/>
                <line number="268" hits="0"/>
                <line number="269" hits="0"/>
                <line number="270" hits="0"/>
                <line number="271" hits="0"/>
                <line number="272" hits="0"/>
                <line number="273" hits="0"/>
                <line number="274" hits="0"/>
                <line number="275" hits="0"/>
                <line number="277" hits="0"/>
                <line number="278" hits="0"/>
                <line number="279" hits="0"/>
                <line number="280" hits="0"/>
                <line number="282" hits="0"/>
                <line number="283" hits="0"/>
                <line number="284" hits="0"/>
                <line number="285" hits="0"/>
              </lines>
            </method>
            <method name="restore" signature="Playground\Lead\Models\Opportunity $opportunity, Playground\Lead\Resource\Http\Requests\Opportunity\RestoreRequest $request" line-rate="0.63636363636364" branch-rate="0" complexity="4">
              <lines>
                <line number="297" hits="2"/>
                <line number="299" hits="2"/>
                <line number="301" hits="2"/>
                <line number="303" hits="2"/>
                <line number="304" hits="2"/>
                <line number="305" hits="2"/>
                <line number="306" hits="2"/>
                <line number="309" hits="0"/>
                <line number="311" hits="0"/>
                <line number="312" hits="0"/>
                <line number="315" hits="0"/>
              </lines>
            </method>
            <method name="show" signature="Playground\Lead\Models\Opportunity $opportunity, Playground\Lead\Resource\Http\Requests\Opportunity\ShowRequest $request" line-rate="0.17391304347826" branch-rate="0" complexity="2">
              <lines>
                <line number="327" hits="1"/>
                <line number="328" hits="1"/>
                <line number="329" hits="1"/>
                <line number="330" hits="1"/>
                <line number="332" hits="0"/>
                <line number="334" hits="0"/>
                <line number="336" hits="0"/>
                <line number="337" hits="0"/>
                <line number="338" hits="0"/>
                <line number="339" hits="0"/>
                <line number="340" hits="0"/>
                <line number="341" hits="0"/>
                <line number="342" hits="0"/>
                <line number="344" hits="0"/>
                <line number="345" hits="0"/>
                <line number="347" hits="0"/>
                <line number="348" hits="0"/>
                <line number="349" hits="0"/>
                <line number="350" hits="0"/>
                <line number="352" hits="0"/>
                <line number="353" hits="0"/>
                <line number="354" hits="0"/>
                <line number="355" hits="0"/>
              </lines>
            </method>
            <method name="store" signature="Playground\Lead\Resource\Http\Requests\Opportunity\StoreRequest $request" line-rate="0.69230769230769" branch-rate="0" complexity="4">
              <lines>
                <line number="366" hits="1"/>
                <line number="368" hits="1"/>
                <line number="370" hits="1"/>
                <line number="372" hits="1"/>
                <line number="374" hits="1"/>
                <line number="376" hits="1"/>
                <line number="377" hits="1"/>
                <line number="378" hits="1"/>
                <line number="379" hits="1"/>
                <line number="382" hits="0"/>
                <line number="384" hits="0"/>
                <line number="385" hits="0"/>
                <line number="388" hits="0"/>
              </lines>
            </method>
            <method name="unlock" signature="Playground\Lead\Models\Opportunity $opportunity, Playground\Lead\Resource\Http\Requests\Opportunity\UnlockRequest $request" line-rate="0.54545454545455" branch-rate="0" complexity="4">
              <lines>
                <line number="401" hits="2"/>
                <line number="403" hits="2"/>
                <line number="405" hits="2"/>
                <line number="406" hits="2"/>
                <line number="407" hits="2"/>
                <line number="408" hits="2"/>
                <line number="411" hits="0"/>
                <line number="413" hits="0"/>
                <line number="415" hits="0"/>
                <line number="416" hits="0"/>
                <line number="419" hits="0"/>
              </lines>
            </method>
            <method name="update" signature="Playground\Lead\Models\Opportunity $opportunity, Playground\Lead\Resource\Http\Requests\Opportunity\UpdateRequest $request" line-rate="0.66666666666667" branch-rate="0" complexity="4">
              <lines>
                <line number="431" hits="1"/>
                <line number="433" hits="1"/>
                <line number="435" hits="1"/>
                <line number="437" hits="1"/>
                <line number="439" hits="1"/>
                <line number="440" hits="1"/>
                <line number="441" hits="1"/>
                <line number="442" hits="1"/>
                <line number="445" hits="0"/>
                <line number="447" hits="0"/>
                <line number="448" hits="0"/>
                <line number="451" hits="0"/>
              </lines>
            </method>
          </methods>
          <lines>
            <line number="61" hits="1"/>
            <line number="63" hits="1"/>
            <line number="65" hits="1"/>
            <line number="66" hits="1"/>
            <line number="67" hits="1"/>
            <line number="68" hits="1"/>
            <line number="71" hits="0"/>
            <line number="73" hits="0"/>
            <line number="75" hits="0"/>
            <line number="76" hits="0"/>
            <line number="77" hits="0"/>
            <line number="78" hits="0"/>
            <line number="79" hits="0"/>
            <line number="80" hits="0"/>
            <line number="81" hits="0"/>
            <line number="82" hits="0"/>
            <line number="84" hits="0"/>
            <line number="85" hits="0"/>
            <line number="86" hits="0"/>
            <line number="87" hits="0"/>
            <line number="88" hits="0"/>
            <line number="90" hits="0"/>
            <line number="92" hits="0"/>
            <line number="93" hits="0"/>
            <line number="94" hits="0"/>
            <line number="97" hits="0"/>
            <line number="99" hits="0"/>
            <line number="112" hits="1"/>
            <line number="113" hits="1"/>
            <line number="114" hits="1"/>
            <line number="115" hits="1"/>
            <line number="118" hits="0"/>
            <line number="120" hits="0"/>
            <line number="122" hits="0"/>
            <line number="123" hits="0"/>
            <line number="124" hits="0"/>
            <line number="125" hits="0"/>
            <line number="126" hits="0"/>
            <line number="127" hits="0"/>
            <line number="128" hits="0"/>
            <line number="129" hits="0"/>
            <line number="131" hits="0"/>
            <line number="132" hits="0"/>
            <line number="133" hits="0"/>
            <line number="134" hits="0"/>
            <line number="135" hits="0"/>
            <line number="137" hits="0"/>
            <line number="139" hits="0"/>
            <line number="140" hits="0"/>
            <line number="141" hits="0"/>
            <line number="144" hits="0"/>
            <line number="146" hits="0"/>
            <line number="147" hits="0"/>
            <line number="148" hits="0"/>
            <line number="149" hits="0"/>
            <line number="161" hits="4"/>
            <line number="163" hits="4"/>
            <line number="164" hits="3"/>
            <line number="166" hits="1"/>
            <line number="169" hits="4"/>
            <line number="170" hits="4"/>
            <line number="173" hits="0"/>
            <line number="175" hits="0"/>
            <line number="176" hits="0"/>
            <line number="179" hits="0"/>
            <line number="192" hits="2"/>
            <line number="194" hits="2"/>
            <line number="196" hits="2"/>
            <line number="197" hits="2"/>
            <line number="198" hits="2"/>
            <line number="199" hits="2"/>
            <line number="202" hits="0"/>
            <line number="204" hits="0"/>
            <line number="206" hits="0"/>
            <line number="207" hits="0"/>
            <line number="210" hits="0"/>
            <line number="221" hits="2"/>
            <line number="223" hits="2"/>
            <line number="225" hits="2"/>
            <line number="227" hits="2"/>
            <line number="229" hits="2"/>
            <line number="230" hits="1"/>
            <line number="232" hits="1"/>
            <line number="233" hits="1"/>
            <line number="234" hits="1"/>
            <line number="235" hits="1"/>
            <line number="237" hits="1"/>
            <line number="238" hits="1"/>
            <line number="239" hits="1"/>
            <line number="240" hits="1"/>
            <line number="242" hits="1"/>
            <line number="243" hits="1"/>
            <line number="244" hits="1"/>
            <line number="245" hits="1"/>
            <line number="247" hits="1"/>
            <line number="248" hits="1"/>
            <line number="249" hits="1"/>
            <line number="250" hits="1"/>
            <line number="253" hits="2"/>
            <line number="254" hits="2"/>
            <line number="256" hits="2"/>
            <line number="258" hits="2"/>
            <line number="259" hits="2"/>
            <line number="260" hits="2"/>
            <line number="261" hits="2"/>
            <line number="264" hits="0"/>
            <line number="265" hits="0"/>
            <line number="266" hits="0"/>
            <line number="267" hits="0"/>
            <line number="268" hits="0"/>
            <line number="269" hits="0"/>
            <line number="270" hits="0"/>
            <line number="271" hits="0"/>
            <line number="272" hits="0"/>
            <line number="273" hits="0"/>
            <line number="274" hits="0"/>
[...]
                <line number="45" hits="11"/>
              </lines>
            </method>
          </methods>
          <lines>
            <line number="21" hits="13"/>
            <line number="35" hits="11"/>
            <line number="37" hits="11"/>
            <line number="38" hits="11"/>
            <line number="39" hits="11"/>
            <line number="40" hits="11"/>
            <line number="41" hits="11"/>
            <line number="42" hits="11"/>
            <line number="43" hits="11"/>
            <line number="44" hits="11"/>
            <line number="45" hits="11"/>
          </lines>
        </class>
      </classes>
    </package>
    <package name="Http/Resources/TeamCollection.php" line-rate="1" branch-rate="0" complexity="2">
      <classes>
        <class name="Playground\Lead\Resource\Http\Resources\TeamCollection" filename="Http/Resources/TeamCollection.php" line-rate="1" branch-rate="0" complexity="2">
          <methods>
            <method name="toArray" signature="Illuminate\Http\Request $request" line-rate="1" branch-rate="0" complexity="1">
              <lines>
                <line number="20" hits="2"/>
              </lines>
            </method>
            <method name="with" signature="Illuminate\Http\Request $request" line-rate="1" branch-rate="0" complexity="1">
              <lines>
                <line number="31" hits="2"/>
                <line number="32" hits="2"/>
                <line number="33" hits="2"/>
                <line number="34" hits="2"/>
                <line number="35" hits="2"/>
                <line number="36" hits="2"/>
                <line number="37" hits="2"/>
                <line number="38" hits="2"/>
                <line number="39" hits="2"/>
                <line number="40" hits="2"/>
                <line number="41" hits="2"/>
                <line number="42" hits="2"/>
                <line number="43" hits="2"/>
              </lines>
            </method>
          </methods>
          <lines>
            <line number="20" hits="2"/>
            <line number="31" hits="2"/>
            <line number="32" hits="2"/>
            <line number="33" hits="2"/>
            <line number="34" hits="2"/>
            <line number="35" hits="2"/>
            <line number="36" hits="2"/>
            <line number="37" hits="2"/>
            <line number="38" hits="2"/>
            <line number="39" hits="2"/>
            <line number="40" hits="2"/>
            <line number="41" hits="2"/>
            <line number="42" hits="2"/>
            <line number="43" hits="2"/>
          </lines>
        </class>
      </classes>
    </package>
    <package name="Http/Resources/Teammate.php" line-rate="1" branch-rate="0" complexity="2">
      <classes>
        <class name="Playground\Lead\Resource\Http\Resources\Teammate" filename="Http/Resources/Teammate.php" line-rate="1" branch-rate="0" complexity="2">
          <methods>
            <method name="toArray" signature="Illuminate\Http\Request $request" line-rate="1" branch-rate="0" complexity="1">
              <lines>
                <line number="21" hits="13"/>
              </lines>
            </method>
            <method name="with" signature="Illuminate\Http\Request $request" line-rate="1" branch-rate="0" complexity="1">
              <lines>
                <line number="35" hits="11"/>
                <line number="37" hits="11"/>
                <line number="38" hits="11"/>
                <line number="39" hits="11"/>
                <line number="40" hits="11"/>
                <line number="41" hits="11"/>
                <line number="42" hits="11"/>
                <line number="43" hits="11"/>
                <line number="44" hits="11"/>
                <line number="45" hits="11"/>
              </lines>
            </method>
          </methods>
          <lines>
            <line number="21" hits="13"/>
            <line number="35" hits="11"/>
            <line number="37" hits="11"/>
            <line number="38" hits="11"/>
            <line number="39" hits="11"/>
            <line number="40" hits="11"/>
            <line number="41" hits="11"/>
            <line number="42" hits="11"/>
            <line number="43" hits="11"/>
            <line number="44" hits="11"/>
            <line number="45" hits="11"/>
          </lines>
        </class>
      </classes>
    </package>
    <package name="Http/Resources/TeammateCollection.php" line-rate="1" branch-rate="0" complexity="2">
      <classes>
        <class name="Playground\Lead\Resource\Http\Resources\TeammateCollection" filename="Http/Resources/TeammateCollection.php" line-rate="1" branch-rate="0" complexity="2">
          <methods>
            <method name="toArray" signature="Illuminate\Http\Request $request" line-rate="1" branch-rate="0" complexity="1">
              <lines>
                <line number="20" hits="2"/>
              </lines>
            </method>
            <method name="with" signature="Illuminate\Http\Request $request" line-rate="1" branch-rate="0" complexity="1">
              <lines>
                <line number="31" hits="2"/>
                <line number="32" hits="2"/>
                <line number="33" hits="2"/>
                <line number="34" hits="2"/>
                <line number="35" hits="2"/>
                <line number="36" hits="2"/>
                <line number="37" hits="2"/>
                <line number="38" hits="2"/>
                <line number="39" hits="2"/>
                <line number="40" hits="2"/>
                <line number="41" hits="2"/>
                <line number="42" hits="2"/>
                <line number="43" hits="2"/>
              </lines>
            </method>
          </methods>
          <lines>
            <line number="20" hits="2"/>
            <line number="31" hits="2"/>
            <line number="32" hits="2"/>
            <line number="33" hits="2"/>
            <line number="34" hits="2"/>
            <line number="35" hits="2"/>
            <line number="36" hits="2"/>
            <line number="37" hits="2"/>
            <line number="38" hits="2"/>
            <line number="39" hits="2"/>
            <line number="40" hits="2"/>
            <line number="41" hits="2"/>
            <line number="42" hits="2"/>
            <line number="43" hits="2"/>
          </lines>
        </class>
      </classes>
    </package>
    <package name="Policies/CampaignPolicy.php" line-rate="0" branch-rate="0" complexity="0">
      <classes>
        <class name="Playground\Lead\Resource\Policies\CampaignPolicy" filename="Policies/CampaignPolicy.php" line-rate="0" branch-rate="0" complexity="0">
          <methods/>
          <lines/>
        </class>
      </classes>
    </package>
    <package name="Policies/GoalPolicy.php" line-rate="0" branch-rate="0" complexity="0">
      <classes>
        <class name="Playground\Lead\Resource\Policies\GoalPolicy" filename="Policies/GoalPolicy.php" line-rate="0" branch-rate="0" complexity="0">
          <methods/>
          <lines/>
        </class>
      </classes>
    </package>
    <package name="Policies/LeadPolicy.php" line-rate="0" branch-rate="0" complexity="0">
      <classes>
        <class name="Playground\Lead\Resource\Policies\LeadPolicy" filename="Policies/LeadPolicy.php" line-rate="0" branch-rate="0" complexity="0">
          <methods/>
          <lines/>
        </class>
      </classes>
    </package>
    <package name="Policies/OpportunityPolicy.php" line-rate="0" branch-rate="0" complexity="0">
      <classes>
        <class name="Playground\Lead\Resource\Policies\OpportunityPolicy" filename="Policies/OpportunityPolicy.php" line-rate="0" branch-rate="0" complexity="0">
          <methods/>
          <lines/>
        </class>
      </classes>
    </package>
    <package name="Policies/PlanPolicy.php" line-rate="0" branch-rate="0" complexity="0">
      <classes>
        <class name="Playground\Lead\Resource\Policies\PlanPolicy" filename="Policies/PlanPolicy.php" line-rate="0" branch-rate="0" complexity="0">
          <methods/>
          <lines/>
        </class>
      </classes>
    </package>
    <package name="Policies/RegionPolicy.php" line-rate="0" branch-rate="0" complexity="0">
      <classes>
        <class name="Playground\Lead\Resource\Policies\RegionPolicy" filename="Policies/RegionPolicy.php" line-rate="0" branch-rate="0" complexity="0">
          <methods/>
          <lines/>
        </class>
      </classes>
    </package>
    <package name="Policies/ReportPolicy.php" line-rate="0" branch-rate="0" complexity="0">
      <classes>
        <class name="Playground\Lead\Resource\Policies\ReportPolicy" filename="Policies/ReportPolicy.php" line-rate="0" branch-rate="0" complexity="0">
          <methods/>
          <lines/>
        </class>
      </classes>
    </package>
    <package name="Policies/SourcePolicy.php" line-rate="0" branch-rate="0" complexity="0">
      <classes>
        <class name="Playground\Lead\Resource\Policies\SourcePolicy" filename="Policies/SourcePolicy.php" line-rate="0" branch-rate="0" complexity="0">
          <methods/>
          <lines/>
        </class>
      </classes>
    </package>
    <package name="Policies/TaskPolicy.php" line-rate="0" branch-rate="0" complexity="0">
      <classes>
        <class name="Playground\Lead\Resource\Policies\TaskPolicy" filename="Policies/TaskPolicy.php" line-rate="0" branch-rate="0" complexity="0">
          <methods/>
          <lines/>
        </class>
      </classes>
    </package>
    <package name="Policies/TeamPolicy.php" line-rate="0" branch-rate="0" complexity="0">
      <classes>
        <class name="Playground\Lead\Resource\Policies\TeamPolicy" filename="Policies/TeamPolicy.php" line-rate="0" branch-rate="0" complexity="0">
          <methods/>
          <lines/>
        </class>
      </classes>
    </package>
    <package name="Policies/TeammatePolicy.php" line-rate="0" branch-rate="0" complexity="0">
      <classes>
        <class name="Playground\Lead\Resource\Policies\TeammatePolicy" filename="Policies/TeammatePolicy.php" line-rate="0" branch-rate="0" complexity="0">
          <methods/>
          <lines/>
        </class>
      </classes>
    </package>
    <package name="ServiceProvider.php" line-rate="1" branch-rate="0" complexity="61">
      <classes>
        <class name="Playground\Lead\Resource\ServiceProvider" filename="ServiceProvider.php" line-rate="1" branch-rate="0" complexity="61">
          <methods>
            <method name="boot" signature="" line-rate="1" branch-rate="0" complexity="11">
              <lines>
                <line number="31" hits="399"/>
                <line number="33" hits="399"/>
                <line number="40" hits="399"/>
                <line number="41" hits="399"/>
                <line number="42" hits="399"/>
                <line number="44" hits="399"/>
                <line number="45" hits="399"/>
                <line number="48" hits="399"/>
                <line number="49" hits="399"/>
                <line number="50" hits="399"/>
                <line number="52" hits="399"/>
                <line number="55" hits="399"/>
                <line number="57" hits="399"/>
                <line number="58" hits="399"/>
                <line number="59" hits="399"/>
                <line number="62" hits="399"/>
                <line number="63" hits="399"/>
                <line number="64" hits="399"/>
                <line number="68" hits="399"/>
                <line number="69" hits="399"/>
              </lines>
            </method>
            <method name="register" signature="" line-rate="1" branch-rate="0" complexity="1">
              <lines>
                <line number="78" hits="399"/>
                <line number="79" hits="399"/>
                <line number="80" hits="399"/>
                <line number="81" hits="399"/>
              </lines>
            </method>
            <method name="setPolicies" signature="array $policies" line-rate="1" branch-rate="0" complexity="10">
              <lines>
                <line number="91" hits="399"/>
                <line number="92" hits="399"/>
                <line number="93" hits="1"/>
                <line number="94" hits="1"/>
                <line number="95" hits="1"/>
                <line number="96" hits="1"/>
                <line number="97" hits="1"/>
                <line number="98" hits="1"/>
                <line number="100" hits="1"/>
                <line number="102" hits="399"/>
                <line number="103" hits="1"/>
                <line number="104" hits="1"/>
                <line number="105" hits="1"/>
                <line number="106" hits="1"/>
                <line number="107" hits="1"/>
                <line number="108" hits="1"/>
                <line number="110" hits="1"/>
                <line number="112" hits="399"/>
              </lines>
            </method>
            <method name="routes" signature="array $config" line-rate="1" branch-rate="0" complexity="12">
              <lines>
                <line number="121" hits="399"/>
                <line number="122" hits="399"/>
                <line number="124" hits="399"/>
                <line number="125" hits="399"/>
                <line number="127" hits="399"/>
                <line number="128" hits="399"/>
                <line number="130" hits="399"/>
                <line number="131" hits="399"/>
                <line number="133" hits="399"/>
                <line number="134" hits="399"/>
                <line number="136" hits="399"/>
                <line number="137" hits="399"/>
                <line number="139" hits="399"/>
                <line number="140" hits="399"/>
                <line number="142" hits="399"/>
                <line number="143" hits="399"/>
                <line number="145" hits="399"/>
                <line number="146" hits="399"/>
                <line number="148" hits="399"/>
                <line number="149" hits="399"/>
                <line number="151" hits="399"/>
                <line number="152" hits="399"/>
              </lines>
            </method>
            <method name="about" signature="" line-rate="1" branch-rate="0" complexity="26">
              <lines>
                <line number="158" hits="399"/>
                <line number="159" hits="399"/>
                <line number="161" hits="399"/>
                <line number="163" hits="399"/>
                <line number="165" hits="399"/>
                <line number="167" hits="399"/>
                <line number="169" hits="399"/>
                <line number="171" hits="399"/>
                <line number="172" hits="399"/>
                <line number="173" hits="399"/>
                <line number="175" hits="399"/>
                <line number="176" hits="399"/>
                <line number="177" hits="399"/>
                <line number="179" hits="399"/>
                <line number="180" hits="399"/>
                <line number="181" hits="399"/>
                <line number="182" hits="399"/>
                <line number="183" hits="399"/>
                <line number="184" hits="399"/>
                <line number="185" hits="399"/>
                <line number="186" hits="399"/>
                <line number="187" hits="399"/>
                <line number="188" hits="399"/>
                <line number="189" hits="399"/>
                <line number="191" hits="399"/>
                <line number="192" hits="399"/>
                <line number="193" hits="399"/>
              </lines>
            </method>
            <method name="version" signature="" line-rate="1" branch-rate="0" complexity="1">
              <lines>
                <line number="198" hits="399"/>
              </lines>
            </method>
          </methods>
          <lines>
            <line number="31" hits="399"/>
            <line number="33" hits="399"/>
            <line number="40" hits="399"/>
            <line number="41" hits="399"/>
            <line number="42" hits="399"/>
            <line number="44" hits="399"/>
            <line number="45" hits="399"/>
            <line number="48" hits="399"/>
            <line number="49" hits="399"/>
            <line number="50" hits="399"/>
            <line number="52" hits="399"/>
            <line number="55" hits="399"/>
            <line number="57" hits="399"/>
            <line number="58" hits="399"/>
            <line number="59" hits="399"/>
            <line number="62" hits="399"/>
            <line number="63" hits="399"/>
            <line number="64" hits="399"/>
            <line number="68" hits="399"/>
            <line number="69" hits="399"/>
            <line number="78" hits="399"/>
            <line number="79" hits="399"/>
            <line number="80" hits="399"/>
            <line number="81" hits="399"/>
            <line number="91" hits="399"/>
            <line number="92" hits="399"/>
            <line number="93" hits="1"/>
            <line number="94" hits="1"/>
            <line number="95" hits="1"/>
            <line number="96" hits="1"/>
            <line number="97" hits="1"/>
            <line number="98" hits="1"/>
            <line number="100" hits="1"/>
            <line number="102" hits="399"/>
            <line number="103" hits="1"/>
            <line number="104" hits="1"/>
            <line number="105" hits="1"/>
            <line number="106" hits="1"/>
            <line number="107" hits="1"/>
            <line number="108" hits="1"/>
            <line number="110" hits="1"/>
            <line number="112" hits="399"/>
            <line number="121" hits="399"/>
            <line number="122" hits="399"/>
            <line number="124" hits="399"/>
            <line number="125" hits="399"/>
            <line number="127" hits="399"/>
            <line number="128" hits="399"/>
            <line number="130" hits="399"/>
            <line number="131" hits="399"/>
            <line number="133" hits="399"/>
            <line number="134" hits="399"/>
            <line number="136" hits="399"/>
            <line number="137" hits="399"/>
            <line number="139" hits="399"/>
            <line number="140" hits="399"/>
            <line number="142" hits="399"/>
            <line number="143" hits="399"/>
            <line number="145" hits="399"/>
            <line number="146" hits="399"/>
            <line number="148" hits="399"/>
            <line number="149" hits="399"/>
            <line number="151" hits="399"/>
            <line number="152" hits="399"/>
            <line number="158" hits="399"/>
            <line number="159" hits="399"/>
            <line number="161" hits="399"/>
            <line number="163" hits="399"/>
            <line number="165" hits="399"/>
            <line number="167" hits="399"/>
            <line number="169" hits="399"/>
            <line number="171" hits="399"/>
            <line number="172" hits="399"/>
            <line number="173" hits="399"/>
            <line number="175" hits="399"/>
            <line number="176" hits="399"/>
            <line number="177" hits="399"/>
            <line number="179" hits="399"/>
            <line number="180" hits="399"/>
            <line number="181" hits="399"/>
            <line number="182" hits="399"/>
            <line number="183" hits="399"/>
            <line number="184" hits="399"/>
            <line number="185" hits="399"/>
            <line number="186" hits="399"/>
            <line number="187" hits="399"/>
            <line number="188" hits="399"/>
            <line number="189" hits="399"/>
            <line number="191" hits="399"/>
            <line number="192" hits="399"/>
            <line number="193" hits="399"/>
            <line number="198" hits="399"/>
          </lines>
        </class>
      </classes>
    </package>
  </packages>
</coverage>
