<?xml version="1.0" encoding="UTF-8"?>
<!DOCTYPE coverage SYSTEM "http://cobertura.sourceforge.net/xml/coverage-04.dtd">
<coverage line-rate="1" branch-rate="0" lines-covered="3148" lines-valid="3148" branches-covered="0" branches-valid="0" complexity="716" version="0.4" timestamp="1723922699">
  <sources>
    <source>/app/src</source>
  </sources>
  <packages>
    <package name="Http/Controllers/CampaignController.php" line-rate="1" branch-rate="0" complexity="46">
      <classes>
        <class name="Playground\Lead\Resource\Http\Controllers\CampaignController" filename="Http/Controllers/CampaignController.php" line-rate="1" branch-rate="0" complexity="46">
          <methods>
            <method name="create" signature="Playground\Lead\Resource\Http\Requests\Campaign\CreateRequest $request" line-rate="1" branch-rate="0" complexity="4">
              <lines>
                <line number="51" hits="3"/>
                <line number="53" hits="3"/>
                <line number="55" hits="3"/>
                <line number="57" hits="3"/>
                <line number="58" hits="1"/>
                <line number="59" hits="1"/>
                <line number="60" hits="1"/>
                <line number="63" hits="2"/>
                <line number="64" hits="2"/>
                <line number="65" hits="2"/>
                <line number="66" hits="2"/>
                <line number="67" hits="2"/>
                <line number="68" hits="2"/>
                <line number="69" hits="2"/>
                <line number="71" hits="2"/>
                <line number="72" hits="2"/>
                <line number="74" hits="2"/>
                <line number="75" hits="2"/>
                <line number="76" hits="2"/>
                <line number="77" hits="2"/>
                <line number="78" hits="2"/>
                <line number="80" hits="2"/>
                <line number="82" hits="2"/>
                <line number="83" hits="1"/>
                <line number="84" hits="1"/>
                <line number="87" hits="2"/>
                <line number="88" hits="2"/>
                <line number="91" hits="2"/>
              </lines>
            </method>
            <method name="edit" signature="Playground\Lead\Models\Campaign $campaign, Playground\Lead\Resource\Http\Requests\Campaign\EditRequest $request" line-rate="1" branch-rate="0" complexity="3">
              <lines>
                <line number="104" hits="3"/>
                <line number="106" hits="3"/>
                <line number="108" hits="3"/>
                <line number="109" hits="1"/>
                <line number="110" hits="1"/>
                <line number="111" hits="1"/>
                <line number="114" hits="2"/>
                <line number="116" hits="2"/>
                <line number="117" hits="1"/>
                <line number="118" hits="1"/>
                <line number="121" hits="2"/>
                <line number="122" hits="2"/>
                <line number="123" hits="2"/>
                <line number="124" hits="2"/>
                <line number="125" hits="2"/>
                <line number="126" hits="2"/>
                <line number="127" hits="2"/>
                <line number="129" hits="2"/>
                <line number="130" hits="2"/>
                <line number="132" hits="2"/>
                <line number="133" hits="2"/>
                <line number="134" hits="2"/>
                <line number="135" hits="2"/>
                <line number="136" hits="2"/>
                <line number="138" hits="2"/>
                <line number="140" hits="2"/>
              </lines>
            </method>
            <method name="destroy" signature="Playground\Lead\Models\Campaign $campaign, Playground\Lead\Resource\Http\Requests\Campaign\DestroyRequest $request" line-rate="1" branch-rate="0" complexity="6">
              <lines>
                <line number="153" hits="7"/>
                <line number="155" hits="7"/>
                <line number="157" hits="7"/>
                <line number="158" hits="7"/>
                <line number="161" hits="7"/>
                <line number="162" hits="5"/>
                <line number="164" hits="2"/>
                <line number="167" hits="7"/>
                <line number="168" hits="4"/>
                <line number="171" hits="3"/>
                <line number="173" hits="3"/>
                <line number="174" hits="1"/>
                <line number="177" hits="2"/>
              </lines>
            </method>
            <method name="lock" signature="Playground\Lead\Models\Campaign $campaign, Playground\Lead\Resource\Http\Requests\Campaign\LockRequest $request" line-rate="1" branch-rate="0" complexity="5">
              <lines>
                <line number="190" hits="4"/>
                <line number="192" hits="4"/>
                <line number="194" hits="4"/>
                <line number="195" hits="4"/>
                <line number="198" hits="4"/>
                <line number="200" hits="4"/>
                <line number="202" hits="4"/>
                <line number="203" hits="4"/>
                <line number="204" hits="4"/>
                <line number="205" hits="4"/>
                <line number="206" hits="4"/>
                <line number="207" hits="4"/>
                <line number="209" hits="4"/>
                <line number="210" hits="2"/>
                <line number="211" hits="2"/>
                <line number="212" hits="2"/>
                <line number="215" hits="2"/>
                <line number="217" hits="2"/>
                <line number="218" hits="1"/>
                <line number="221" hits="1"/>
                <line number="222" hits="1"/>
                <line number="223" hits="1"/>
                <line number="224" hits="1"/>
              </lines>
            </method>
            <method name="index" signature="Playground\Lead\Resource\Http\Requests\Campaign\IndexRequest $request" line-rate="1" branch-rate="0" complexity="6">
              <lines>
                <line number="236" hits="4"/>
                <line number="238" hits="4"/>
                <line number="240" hits="4"/>
                <line number="242" hits="4"/>
                <line number="244" hits="4"/>
                <line number="246" hits="2"/>
                <line number="248" hits="2"/>
                <line number="249" hits="2"/>
                <line number="250" hits="2"/>
                <line number="251" hits="2"/>
                <line number="253" hits="2"/>
                <line number="254" hits="2"/>
                <line number="255" hits="2"/>
                <line number="256" hits="2"/>
                <line number="258" hits="2"/>
                <line number="259" hits="2"/>
                <line number="260" hits="2"/>
                <line number="261" hits="2"/>
                <line number="263" hits="2"/>
                <line number="264" hits="2"/>
                <line number="265" hits="2"/>
                <line number="266" hits="2"/>
                <line number="269" hits="4"/>
                <line number="270" hits="4"/>
                <line number="272" hits="4"/>
                <line number="274" hits="4"/>
                <line number="275" hits="2"/>
                <line number="278" hits="2"/>
                <line number="279" hits="2"/>
                <line number="280" hits="2"/>
                <line number="281" hits="2"/>
                <line number="282" hits="2"/>
                <line number="283" hits="2"/>
                <line number="284" hits="2"/>
                <line number="285" hits="2"/>
                <line number="286" hits="2"/>
                <line number="287" hits="2"/>
                <line number="288" hits="2"/>
                <line number="289" hits="2"/>
                <line number="291" hits="2"/>
                <line number="292" hits="2"/>
                <line number="293" hits="2"/>
                <line number="294" hits="2"/>
                <line number="296" hits="2"/>
              </lines>
            </method>
            <method name="restore" signature="Playground\Lead\Models\Campaign $campaign, Playground\Lead\Resource\Http\Requests\Campaign\RestoreRequest $request" line-rate="1" branch-rate="0" complexity="5">
              <lines>
                <line number="309" hits="4"/>
                <line number="311" hits="4"/>
                <line number="313" hits="4"/>
                <line number="314" hits="4"/>
                <line number="317" hits="4"/>
                <line number="319" hits="4"/>
                <line number="320" hits="2"/>
                <line number="321" hits="2"/>
                <line number="322" hits="2"/>
                <line number="325" hits="2"/>
                <line number="327" hits="2"/>
                <line number="328" hits="1"/>
                <line number="331" hits="1"/>
                <line number="332" hits="1"/>
                <line number="333" hits="1"/>
                <line number="334" hits="1"/>
              </lines>
            </method>
            <method name="show" signature="Playground\Lead\Models\Campaign $campaign, Playground\Lead\Resource\Http\Requests\Campaign\ShowRequest $request" line-rate="1" branch-rate="0" complexity="2">
              <lines>
                <line number="347" hits="2"/>
                <line number="349" hits="2"/>
                <line number="351" hits="2"/>
                <line number="352" hits="2"/>
                <line number="353" hits="2"/>
                <line number="354" hits="2"/>
                <line number="355" hits="2"/>
                <line number="356" hits="2"/>
                <line number="357" hits="2"/>
                <line number="359" hits="2"/>
                <line number="360" hits="1"/>
                <line number="361" hits="1"/>
                <line number="362" hits="1"/>
                <line number="365" hits="1"/>
                <line number="366" hits="1"/>
                <line number="368" hits="1"/>
                <line number="369" hits="1"/>
                <line number="370" hits="1"/>
                <line number="371" hits="1"/>
                <line number="373" hits="1"/>
              </lines>
            </method>
            <method name="store" signature="Playground\Lead\Resource\Http\Requests\Campaign\StoreRequest $request" line-rate="1" branch-rate="0" complexity="5">
              <lines>
                <line number="385" hits="3"/>
                <line number="387" hits="3"/>
                <line number="389" hits="3"/>
                <line number="391" hits="3"/>
                <line number="392" hits="3"/>
                <line number="395" hits="3"/>
                <line number="397" hits="3"/>
                <line number="398" hits="1"/>
                <line number="399" hits="1"/>
                <line number="400" hits="1"/>
                <line number="403" hits="2"/>
                <line number="405" hits="2"/>
                <line number="406" hits="1"/>
                <line number="409" hits="1"/>
                <line number="410" hits="1"/>
                <line number="411" hits="1"/>
                <line number="412" hits="1"/>
              </lines>
            </method>
            <method name="unlock" signature="Playground\Lead\Models\Campaign $campaign, Playground\Lead\Resource\Http\Requests\Campaign\UnlockRequest $request" line-rate="1" branch-rate="0" complexity="5">
              <lines>
                <line number="425" hits="4"/>
                <line number="427" hits="4"/>
                <line number="429" hits="4"/>
                <line number="431" hits="4"/>
                <line number="432" hits="4"/>
                <line number="435" hits="4"/>
                <line number="437" hits="4"/>
                <line number="438" hits="2"/>
                <line number="439" hits="2"/>
                <line number="440" hits="2"/>
                <line number="443" hits="2"/>
                <line number="445" hits="2"/>
                <line number="446" hits="1"/>
                <line number="449" hits="1"/>
                <line number="450" hits="1"/>
                <line number="451" hits="1"/>
                <line number="452" hits="1"/>
              </lines>
            </method>
            <method name="update" signature="Playground\Lead\Models\Campaign $campaign, Playground\Lead\Resource\Http\Requests\Campaign\UpdateRequest $request" line-rate="1" branch-rate="0" complexity="5">
              <lines>
                <line number="465" hits="3"/>
                <line number="467" hits="3"/>
                <line number="469" hits="3"/>
                <line number="471" hits="3"/>
                <line number="472" hits="3"/>
                <line number="475" hits="3"/>
                <line number="476" hits="1"/>
                <line number="477" hits="1"/>
                <line number="478" hits="1"/>
                <line number="481" hits="2"/>
                <line number="483" hits="2"/>
                <line number="484" hits="1"/>
                <line number="487" hits="1"/>
                <line number="488" hits="1"/>
                <line number="489" hits="1"/>
                <line number="490" hits="1"/>
              </lines>
            </method>
          </methods>
          <lines>
            <line number="51" hits="3"/>
            <line number="53" hits="3"/>
            <line number="55" hits="3"/>
            <line number="57" hits="3"/>
            <line number="58" hits="1"/>
            <line number="59" hits="1"/>
            <line number="60" hits="1"/>
            <line number="63" hits="2"/>
            <line number="64" hits="2"/>
            <line number="65" hits="2"/>
            <line number="66" hits="2"/>
            <line number="67" hits="2"/>
            <line number="68" hits="2"/>
            <line number="69" hits="2"/>
            <line number="71" hits="2"/>
            <line number="72" hits="2"/>
            <line number="74" hits="2"/>
            <line number="75" hits="2"/>
            <line number="76" hits="2"/>
            <line number="77" hits="2"/>
            <line number="78" hits="2"/>
            <line number="80" hits="2"/>
            <line number="82" hits="2"/>
            <line number="83" hits="1"/>
            <line number="84" hits="1"/>
            <line number="87" hits="2"/>
            <line number="88" hits="2"/>
            <line number="91" hits="2"/>
            <line number="104" hits="3"/>
            <line number="106" hits="3"/>
            <line number="108" hits="3"/>
            <line number="109" hits="1"/>
            <line number="110" hits="1"/>
            <line number="111" hits="1"/>
            <line number="114" hits="2"/>
            <line number="116" hits="2"/>
            <line number="117" hits="1"/>
            <line number="118" hits="1"/>
            <line number="121" hits="2"/>
            <line number="122" hits="2"/>
            <line number="123" hits="2"/>
            <line number="124" hits="2"/>
            <line number="125" hits="2"/>
            <line number="126" hits="2"/>
            <line number="127" hits="2"/>
            <line number="129" hits="2"/>
            <line number="130" hits="2"/>
            <line number="132" hits="2"/>
            <line number="133" hits="2"/>
            <line number="134" hits="2"/>
            <line number="135" hits="2"/>
            <line number="136" hits="2"/>
            <line number="138" hits="2"/>
            <line number="140" hits="2"/>
            <line number="153" hits="7"/>
            <line number="155" hits="7"/>
            <line number="157" hits="7"/>
            <line number="158" hits="7"/>
            <line number="161" hits="7"/>
            <line number="162" hits="5"/>
            <line number="164" hits="2"/>
            <line number="167" hits="7"/>
            <line number="168" hits="4"/>
            <line number="171" hits="3"/>
            <line number="173" hits="3"/>
            <line number="174" hits="1"/>
            <line number="177" hits="2"/>
            <line number="190" hits="4"/>
            <line number="192" hits="4"/>
            <line number="194" hits="4"/>
            <line number="195" hits="4"/>
            <line number="198" hits="4"/>
            <line number="200" hits="4"/>
            <line number="202" hits="4"/>
            <line number="203" hits="4"/>
            <line number="204" hits="4"/>
            <line number="205" hits="4"/>
            <line number="206" hits="4"/>
            <line number="207" hits="4"/>
            <line number="209" hits="4"/>
            <line number="210" hits="2"/>
            <line number="211" hits="2"/>
            <line number="212" hits="2"/>
            <line number="215" hits="2"/>
            <line number="217" hits="2"/>
            <line number="218" hits="1"/>
            <line number="221" hits="1"/>
            <line number="222" hits="1"/>
            <line number="223" hits="1"/>
            <line number="224" hits="1"/>
            <line number="236" hits="4"/>
            <line number="238" hits="4"/>
            <line number="240" hits="4"/>
            <line number="242" hits="4"/>
            <line number="244" hits="4"/>
            <line number="246" hits="2"/>
            <line number="248" hits="2"/>
            <line number="249" hits="2"/>
            <line number="250" hits="2"/>
            <line number="251" hits="2"/>
            <line number="253" hits="2"/>
            <line number="254" hits="2"/>
            <line number="255" hits="2"/>
            <line number="256" hits="2"/>
            <line number="258" hits="2"/>
            <line number="259" hits="2"/>
            <line number="260" hits="2"/>
            <line number="261" hits="2"/>
            <line number="263" hits="2"/>
            <line number="264" hits="2"/>
            <line number="265" hits="2"/>
            <line number="266" hits="2"/>
            <line number="269" hits="4"/>
            <line number="270" hits="4"/>
            <line number="272" hits="4"/>
            <line number="274" hits="4"/>
            <line number="275" hits="2"/>
            <line number="278" hits="2"/>
            <line number="279" hits="2"/>
            <line number="280" hits="2"/>
            <line number="281" hits="2"/>
            <line number="282" hits="2"/>
            <line number="283" hits="2"/>
            <line number="284" hits="2"/>
            <line number="285" hits="2"/>
            <line number="286" hits="2"/>
            <line number="287" hits="2"/>
            <line number="288" hits="2"/>
            <line number="289" hits="2"/>
            <line number="291" hits="2"/>
            <line number="292" hits="2"/>
            <line number="293" hits="2"/>
            <line number="294" hits="2"/>
            <line number="296" hits="2"/>
            <line number="309" hits="4"/>
            <line number="311" hits="4"/>
            <line number="313" hits="4"/>
            <line number="314" hits="4"/>
            <line number="317" hits="4"/>
            <line number="319" hits="4"/>
            <line number="320" hits="2"/>
            <line number="321" hits="2"/>
            <line number="322" hits="2"/>
            <line number="325" hits="2"/>
            <line number="327" hits="2"/>
            <line number="328" hits="1"/>
            <line number="331" hits="1"/>
            <line number="332" hits="1"/>
            <line number="333" hits="1"/>
            <line number="334" hits="1"/>
            <line number="347" hits="2"/>
            <line number="349" hits="2"/>
            <line number="351" hits="2"/>
            <line number="352" hits="2"/>
            <line number="353" hits="2"/>
            <line number="354" hits="2"/>
            <line number="355" hits="2"/>
            <line number="356" hits="2"/>
            <line number="357" hits="2"/>
            <line number="359" hits="2"/>
            <line number="360" hits="1"/>
            <line number="361" hits="1"/>
            <line number="362" hits="1"/>
            <line number="365" hits="1"/>
            <line number="366" hits="1"/>
            <line number="368" hits="1"/>
            <line number="369" hits="1"/>
            <line number="370" hits="1"/>
            <line number="371" hits="1"/>
            <line number="373" hits="1"/>
            <line number="385" hits="3"/>
            <line number="387" hits="3"/>
            <line number="389" hits="3"/>
            <line number="391" hits="3"/>
            <line number="392" hits="3"/>
            <line number="395" hits="3"/>
            <line number="397" hits="3"/>
            <line number="398" hits="1"/>
            <line number="399" hits="1"/>
            <line number="400" hits="1"/>
            <line number="403" hits="2"/>
            <line number="405" hits="2"/>
            <line number="406" hits="1"/>
            <line number="409" hits="1"/>
            <line number="410" hits="1"/>
            <line number="411" hits="1"/>
            <line number="412" hits="1"/>
            <line number="425" hits="4"/>
            <line number="427" hits="4"/>
            <line number="429" hits="4"/>
            <line number="431" hits="4"/>
            <line number="432" hits="4"/>
            <line number="435" hits="4"/>
            <line number="437" hits="4"/>
            <line number="438" hits="2"/>
            <line number="439" hits="2"/>
            <line number="440" hits="2"/>
            <line number="443" hits="2"/>
            <line number="445" hits="2"/>
            <line number="446" hits="1"/>
            <line number="449" hits="1"/>
            <line number="450" hits="1"/>
            <line number="451" hits="1"/>
            <line number="452" hits="1"/>
            <line number="465" hits="3"/>
            <line number="467" hits="3"/>
            <line number="469" hits="3"/>
            <line number="471" hits="3"/>
            <line number="472" hits="3"/>
            <line number="475" hits="3"/>
            <line number="476" hits="1"/>
            <line number="477" hits="1"/>
            <line number="478" hits="1"/>
            <line number="481" hits="2"/>
            <line number="483" hits="2"/>
            <line number="484" hits="1"/>
            <line number="487" hits="1"/>
            <line number="488" hits="1"/>
            <line number="489" hits="1"/>
            <line number="490" hits="1"/>
          </lines>
        </class>
      </classes>
    </package>
    <package name="Http/Controllers/Controller.php" line-rate="0" branch-rate="0" complexity="0">
      <classes>
        <class name="Playground\Lead\Resource\Http\Controllers\Controller" filename="Http/Controllers/Controller.php" line-rate="0" branch-rate="0" complexity="0">
          <methods/>
          <lines/>
        </class>
      </classes>
    </package>
    <package name="Http/Controllers/GoalController.php" line-rate="1" branch-rate="0" complexity="46">
      <classes>
        <class name="Playground\Lead\Resource\Http\Controllers\GoalController" filename="Http/Controllers/GoalController.php" line-rate="1" branch-rate="0" complexity="46">
          <methods>
            <method name="create" signature="Playground\Lead\Resource\Http\Requests\Goal\CreateRequest $request" line-rate="1" branch-rate="0" complexity="4">
              <lines>
                <line number="51" hits="3"/>
                <line number="53" hits="3"/>
                <line number="55" hits="3"/>
                <line number="57" hits="3"/>
                <line number="58" hits="1"/>
                <line number="59" hits="1"/>
                <line number="60" hits="1"/>
                <line number="63" hits="2"/>
                <line number="64" hits="2"/>
                <line number="65" hits="2"/>
                <line number="66" hits="2"/>
                <line number="67" hits="2"/>
                <line number="68" hits="2"/>
                <line number="69" hits="2"/>
                <line number="71" hits="2"/>
                <line number="72" hits="2"/>
                <line number="74" hits="2"/>
                <line number="75" hits="2"/>
                <line number="76" hits="2"/>
                <line number="77" hits="2"/>
                <line number="78" hits="2"/>
                <line number="80" hits="2"/>
                <line number="82" hits="2"/>
                <line number="83" hits="1"/>
                <line number="84" hits="1"/>
                <line number="87" hits="2"/>
                <line number="88" hits="2"/>
                <line number="91" hits="2"/>
              </lines>
            </method>
            <method name="edit" signature="Playground\Lead\Models\Goal $goal, Playground\Lead\Resource\Http\Requests\Goal\EditRequest $request" line-rate="1" branch-rate="0" complexity="3">
              <lines>
                <line number="104" hits="3"/>
                <line number="106" hits="3"/>
                <line number="108" hits="3"/>
                <line number="109" hits="1"/>
                <line number="110" hits="1"/>
                <line number="111" hits="1"/>
                <line number="114" hits="2"/>
                <line number="116" hits="2"/>
                <line number="117" hits="1"/>
                <line number="118" hits="1"/>
                <line number="121" hits="2"/>
                <line number="122" hits="2"/>
                <line number="123" hits="2"/>
                <line number="124" hits="2"/>
                <line number="125" hits="2"/>
                <line number="126" hits="2"/>
                <line number="127" hits="2"/>
                <line number="129" hits="2"/>
                <line number="130" hits="2"/>
                <line number="132" hits="2"/>
                <line number="133" hits="2"/>
                <line number="134" hits="2"/>
                <line number="135" hits="2"/>
                <line number="136" hits="2"/>
                <line number="138" hits="2"/>
                <line number="140" hits="2"/>
              </lines>
            </method>
            <method name="destroy" signature="Playground\Lead\Models\Goal $goal, Playground\Lead\Resource\Http\Requests\Goal\DestroyRequest $request" line-rate="1" branch-rate="0" complexity="6">
              <lines>
                <line number="153" hits="7"/>
                <line number="155" hits="7"/>
                <line number="157" hits="7"/>
                <line number="158" hits="7"/>
                <line number="161" hits="7"/>
                <line number="162" hits="5"/>
                <line number="164" hits="2"/>
                <line number="167" hits="7"/>
                <line number="168" hits="4"/>
                <line number="171" hits="3"/>
                <line number="173" hits="3"/>
                <line number="174" hits="1"/>
                <line number="177" hits="2"/>
              </lines>
            </method>
            <method name="lock" signature="Playground\Lead\Models\Goal $goal, Playground\Lead\Resource\Http\Requests\Goal\LockRequest $request" line-rate="1" branch-rate="0" complexity="5">
              <lines>
                <line number="190" hits="4"/>
                <line number="192" hits="4"/>
                <line number="194" hits="4"/>
                <line number="195" hits="4"/>
                <line number="198" hits="4"/>
                <line number="200" hits="4"/>
                <line number="202" hits="4"/>
                <line number="203" hits="4"/>
                <line number="204" hits="4"/>
                <line number="205" hits="4"/>
                <line number="206" hits="4"/>
                <line number="207" hits="4"/>
                <line number="209" hits="4"/>
                <line number="210" hits="2"/>
                <line number="211" hits="2"/>
                <line number="212" hits="2"/>
                <line number="215" hits="2"/>
                <line number="217" hits="2"/>
                <line number="218" hits="1"/>
                <line number="221" hits="1"/>
                <line number="222" hits="1"/>
                <line number="223" hits="1"/>
                <line number="224" hits="1"/>
              </lines>
            </method>
            <method name="index" signature="Playground\Lead\Resource\Http\Requests\Goal\IndexRequest $request" line-rate="1" branch-rate="0" complexity="6">
              <lines>
                <line number="236" hits="4"/>
                <line number="238" hits="4"/>
                <line number="240" hits="4"/>
                <line number="242" hits="4"/>
                <line number="244" hits="4"/>
                <line number="246" hits="2"/>
                <line number="248" hits="2"/>
                <line number="249" hits="2"/>
                <line number="250" hits="2"/>
                <line number="251" hits="2"/>
                <line number="253" hits="2"/>
                <line number="254" hits="2"/>
                <line number="255" hits="2"/>
                <line number="256" hits="2"/>
                <line number="258" hits="2"/>
                <line number="259" hits="2"/>
                <line number="260" hits="2"/>
                <line number="261" hits="2"/>
                <line number="263" hits="2"/>
                <line number="264" hits="2"/>
                <line number="265" hits="2"/>
                <line number="266" hits="2"/>
                <line number="269" hits="4"/>
                <line number="270" hits="4"/>
                <line number="272" hits="4"/>
                <line number="274" hits="4"/>
                <line number="275" hits="2"/>
                <line number="278" hits="2"/>
                <line number="279" hits="2"/>
                <line number="280" hits="2"/>
                <line number="281" hits="2"/>
                <line number="282" hits="2"/>
                <line number="283" hits="2"/>
                <line number="284" hits="2"/>
                <line number="285" hits="2"/>
                <line number="286" hits="2"/>
                <line number="287" hits="2"/>
                <line number="288" hits="2"/>
                <line number="289" hits="2"/>
                <line number="291" hits="2"/>
                <line number="292" hits="2"/>
                <line number="293" hits="2"/>
                <line number="294" hits="2"/>
                <line number="296" hits="2"/>
              </lines>
            </method>
            <method name="restore" signature="Playground\Lead\Models\Goal $goal, Playground\Lead\Resource\Http\Requests\Goal\RestoreRequest $request" line-rate="1" branch-rate="0" complexity="5">
              <lines>
                <line number="309" hits="4"/>
                <line number="311" hits="4"/>
                <line number="313" hits="4"/>
                <line number="314" hits="4"/>
                <line number="317" hits="4"/>
                <line number="319" hits="4"/>
                <line number="320" hits="2"/>
                <line number="321" hits="2"/>
                <line number="322" hits="2"/>
                <line number="325" hits="2"/>
                <line number="327" hits="2"/>
                <line number="328" hits="1"/>
                <line number="331" hits="1"/>
                <line number="332" hits="1"/>
                <line number="333" hits="1"/>
                <line number="334" hits="1"/>
              </lines>
            </method>
            <method name="show" signature="Playground\Lead\Models\Goal $goal, Playground\Lead\Resource\Http\Requests\Goal\ShowRequest $request" line-rate="1" branch-rate="0" complexity="2">
              <lines>
                <line number="347" hits="2"/>
                <line number="349" hits="2"/>
                <line number="351" hits="2"/>
                <line number="352" hits="2"/>
                <line number="353" hits="2"/>
                <line number="354" hits="2"/>
                <line number="355" hits="2"/>
                <line number="356" hits="2"/>
                <line number="357" hits="2"/>
                <line number="359" hits="2"/>
                <line number="360" hits="1"/>
                <line number="361" hits="1"/>
                <line number="362" hits="1"/>
                <line number="365" hits="1"/>
                <line number="366" hits="1"/>
                <line number="368" hits="1"/>
                <line number="369" hits="1"/>
                <line number="370" hits="1"/>
                <line number="371" hits="1"/>
                <line number="373" hits="1"/>
              </lines>
            </method>
            <method name="store" signature="Playground\Lead\Resource\Http\Requests\Goal\StoreRequest $request" line-rate="1" branch-rate="0" complexity="5">
              <lines>
                <line number="385" hits="3"/>
                <line number="387" hits="3"/>
                <line number="389" hits="3"/>
                <line number="391" hits="3"/>
                <line number="392" hits="3"/>
                <line number="395" hits="3"/>
                <line number="397" hits="3"/>
                <line number="398" hits="1"/>
                <line number="399" hits="1"/>
                <line number="400" hits="1"/>
                <line number="403" hits="2"/>
                <line number="405" hits="2"/>
                <line number="406" hits="1"/>
                <line number="409" hits="1"/>
                <line number="410" hits="1"/>
                <line number="411" hits="1"/>
                <line number="412" hits="1"/>
              </lines>
            </method>
            <method name="unlock" signature="Playground\Lead\Models\Goal $goal, Playground\Lead\Resource\Http\Requests\Goal\UnlockRequest $request" line-rate="1" branch-rate="0" complexity="5">
              <lines>
                <line number="425" hits="4"/>
                <line number="427" hits="4"/>
                <line number="429" hits="4"/>
                <line number="431" hits="4"/>
                <line number="432" hits="4"/>
                <line number="435" hits="4"/>
                <line number="437" hits="4"/>
                <line number="438" hits="2"/>
                <line number="439" hits="2"/>
                <line number="440" hits="2"/>
                <line number="443" hits="2"/>
                <line number="445" hits="2"/>
                <line number="446" hits="1"/>
                <line number="449" hits="1"/>
                <line number="450" hits="1"/>
                <line number="451" hits="1"/>
                <line number="452" hits="1"/>
              </lines>
            </method>
            <method name="update" signature="Playground\Lead\Models\Goal $goal, Playground\Lead\Resource\Http\Requests\Goal\UpdateRequest $request" line-rate="1" branch-rate="0" complexity="5">
              <lines>
                <line number="465" hits="3"/>
                <line number="467" hits="3"/>
                <line number="469" hits="3"/>
                <line number="471" hits="3"/>
                <line number="472" hits="3"/>
                <line number="475" hits="3"/>
                <line number="476" hits="1"/>
                <line number="477" hits="1"/>
                <line number="478" hits="1"/>
                <line number="481" hits="2"/>
                <line number="483" hits="2"/>
                <line number="484" hits="1"/>
                <line number="487" hits="1"/>
                <line number="488" hits="1"/>
                <line number="489" hits="1"/>
                <line number="490" hits="1"/>
              </lines>
            </method>
          </methods>
          <lines>
            <line number="51" hits="3"/>
            <line number="53" hits="3"/>
            <line number="55" hits="3"/>
            <line number="57" hits="3"/>
            <line number="58" hits="1"/>
            <line number="59" hits="1"/>
            <line number="60" hits="1"/>
            <line number="63" hits="2"/>
            <line number="64" hits="2"/>
            <line number="65" hits="2"/>
            <line number="66" hits="2"/>
            <line number="67" hits="2"/>
            <line number="68" hits="2"/>
            <line number="69" hits="2"/>
            <line number="71" hits="2"/>
            <line number="72" hits="2"/>
            <line number="74" hits="2"/>
            <line number="75" hits="2"/>
            <line number="76" hits="2"/>
            <line number="77" hits="2"/>
            <line number="78" hits="2"/>
            <line number="80" hits="2"/>
            <line number="82" hits="2"/>
            <line number="83" hits="1"/>
            <line number="84" hits="1"/>
            <line number="87" hits="2"/>
            <line number="88" hits="2"/>
            <line number="91" hits="2"/>
            <line number="104" hits="3"/>
            <line number="106" hits="3"/>
            <line number="108" hits="3"/>
            <line number="109" hits="1"/>
            <line number="110" hits="1"/>
            <line number="111" hits="1"/>
            <line number="114" hits="2"/>
            <line number="116" hits="2"/>
            <line number="117" hits="1"/>
            <line number="118" hits="1"/>
            <line number="121" hits="2"/>
            <line number="122" hits="2"/>
            <line number="123" hits="2"/>
            <line number="124" hits="2"/>
            <line number="125" hits="2"/>
            <line number="126" hits="2"/>
            <line number="127" hits="2"/>
            <line number="129" hits="2"/>
            <line number="130" hits="2"/>
            <line number="132" hits="2"/>
            <line number="133" hits="2"/>
            <line number="134" hits="2"/>
            <line number="135" hits="2"/>
            <line number="136" hits="2"/>
            <line number="138" hits="2"/>
            <line number="140" hits="2"/>
            <line number="153" hits="7"/>
            <line number="155" hits="7"/>
            <line number="157" hits="7"/>
            <line number="158" hits="7"/>
            <line number="161" hits="7"/>
            <line number="162" hits="5"/>
            <line number="164" hits="2"/>
            <line number="167" hits="7"/>
            <line number="168" hits="4"/>
            <line number="171" hits="3"/>
            <line number="173" hits="3"/>
            <line number="174" hits="1"/>
            <line number="177" hits="2"/>
            <line number="190" hits="4"/>
            <line number="192" hits="4"/>
            <line number="194" hits="4"/>
            <line number="195" hits="4"/>
            <line number="198" hits="4"/>
            <line number="200" hits="4"/>
            <line number="202" hits="4"/>
            <line number="203" hits="4"/>
            <line number="204" hits="4"/>
            <line number="205" hits="4"/>
            <line number="206" hits="4"/>
            <line number="207" hits="4"/>
            <line number="209" hits="4"/>
            <line number="210" hits="2"/>
            <line number="211" hits="2"/>
            <line number="212" hits="2"/>
            <line number="215" hits="2"/>
            <line number="217" hits="2"/>
            <line number="218" hits="1"/>
            <line number="221" hits="1"/>
            <line number="222" hits="1"/>
            <line number="223" hits="1"/>
            <line number="224" hits="1"/>
            <line number="236" hits="4"/>
            <line number="238" hits="4"/>
            <line number="240" hits="4"/>
            <line number="242" hits="4"/>
            <line number="244" hits="4"/>
            <line number="246" hits="2"/>
            <line number="248" hits="2"/>
            <line number="249" hits="2"/>
            <line number="250" hits="2"/>
            <line number="251" hits="2"/>
            <line number="253" hits="2"/>
            <line number="254" hits="2"/>
            <line number="255" hits="2"/>
            <line number="256" hits="2"/>
            <line number="258" hits="2"/>
            <line number="259" hits="2"/>
            <line number="260" hits="2"/>
            <line number="261" hits="2"/>
            <line number="263" hits="2"/>
            <line number="264" hits="2"/>
            <line number="265" hits="2"/>
            <line number="266" hits="2"/>
            <line number="269" hits="4"/>
            <line number="270" hits="4"/>
            <line number="272" hits="4"/>
            <line number="274" hits="4"/>
            <line number="275" hits="2"/>
            <line number="278" hits="2"/>
            <line number="279" hits="2"/>
            <line number="280" hits="2"/>
            <line number="281" hits="2"/>
            <line number="282" hits="2"/>
            <line number="283" hits="2"/>
            <line number="284" hits="2"/>
            <line number="285" hits="2"/>
            <line number="286" hits="2"/>
            <line number="287" hits="2"/>
            <line number="288" hits="2"/>
            <line number="289" hits="2"/>
            <line number="291" hits="2"/>
            <line number="292" hits="2"/>
            <line number="293" hits="2"/>
            <line number="294" hits="2"/>
            <line number="296" hits="2"/>
            <line number="309" hits="4"/>
            <line number="311" hits="4"/>
            <line number="313" hits="4"/>
            <line number="314" hits="4"/>
            <line number="317" hits="4"/>
            <line number="319" hits="4"/>
            <line number="320" hits="2"/>
            <line number="321" hits="2"/>
            <line number="322" hits="2"/>
            <line number="325" hits="2"/>
            <line number="327" hits="2"/>
            <line number="328" hits="1"/>
            <line number="331" hits="1"/>
            <line number="332" hits="1"/>
            <line number="333" hits="1"/>
            <line number="334" hits="1"/>
            <line number="347" hits="2"/>
            <line number="349" hits="2"/>
            <line number="351" hits="2"/>
            <line number="352" hits="2"/>
            <line number="353" hits="2"/>
            <line number="354" hits="2"/>
            <line number="355" hits="2"/>
            <line number="356" hits="2"/>
            <line number="357" hits="2"/>
            <line number="359" hits="2"/>
            <line number="360" hits="1"/>
            <line number="361" hits="1"/>
            <line number="362" hits="1"/>
            <line number="365" hits="1"/>
            <line number="366" hits="1"/>
            <line number="368" hits="1"/>
            <line number="369" hits="1"/>
            <line number="370" hits="1"/>
            <line number="371" hits="1"/>
            <line number="373" hits="1"/>
            <line number="385" hits="3"/>
            <line number="387" hits="3"/>
            <line number="389" hits="3"/>
            <line number="391" hits="3"/>
            <line number="392" hits="3"/>
            <line number="395" hits="3"/>
            <line number="397" hits="3"/>
            <line number="398" hits="1"/>
            <line number="399" hits="1"/>
            <line number="400" hits="1"/>
            <line number="403" hits="2"/>
            <line number="405" hits="2"/>
            <line number="406" hits="1"/>
            <line number="409" hits="1"/>
            <line number="410" hits="1"/>
            <line number="411" hits="1"/>
            <line number="412" hits="1"/>
            <line number="425" hits="4"/>
            <line number="427" hits="4"/>
            <line number="429" hits="4"/>
            <line number="431" hits="4"/>
            <line number="432" hits="4"/>
            <line number="435" hits="4"/>
            <line number="437" hits="4"/>
            <line number="438" hits="2"/>
            <line number="439" hits="2"/>
            <line number="440" hits="2"/>
            <line number="443" hits="2"/>
            <line number="445" hits="2"/>
            <line number="446" hits="1"/>
            <line number="449" hits="1"/>
            <line number="450" hits="1"/>
            <line number="451" hits="1"/>
            <line number="452" hits="1"/>
            <line number="465" hits="3"/>
            <line number="467" hits="3"/>
            <line number="469" hits="3"/>
            <line number="471" hits="3"/>
            <line number="472" hits="3"/>
            <line number="475" hits="3"/>
            <line number="476" hits="1"/>
            <line number="477" hits="1"/>
            <line number="478" hits="1"/>
            <line number="481" hits="2"/>
            <line number="483" hits="2"/>
            <line number="484" hits="1"/>
            <line number="487" hits="1"/>
            <line number="488" hits="1"/>
            <line number="489" hits="1"/>
            <line number="490" hits="1"/>
          </lines>
        </class>
      </classes>
    </package>
    <package name="Http/Controllers/IndexController.php" line-rate="1" branch-rate="0" complexity="1">
      <classes>
        <class name="Playground\Lead\Resource\Http\Controllers\IndexController" filename="Http/Controllers/IndexController.php" line-rate="1" branch-rate="0" complexity="1">
          <methods>
            <method name="index" signature="" line-rate="1" branch-rate="0" complexity="1">
              <lines>
                <line number="21" hits="1"/>
              </lines>
            </method>
          </methods>
          <lines>
            <line number="21" hits="1"/>
          </lines>
        </class>
      </classes>
    </package>
    <package name="Http/Controllers/LeadController.php" line-rate="1" branch-rate="0" complexity="46">
      <classes>
        <class name="Playground\Lead\Resource\Http\Controllers\LeadController" filename="Http/Controllers/LeadController.php" line-rate="1" branch-rate="0" complexity="46">
          <methods>
            <method name="create" signature="Playground\Lead\Resource\Http\Requests\Lead\CreateRequest $request" line-rate="1" branch-rate="0" complexity="4">
              <lines>
                <line number="51" hits="3"/>
                <line number="53" hits="3"/>
                <line number="55" hits="3"/>
                <line number="57" hits="3"/>
                <line number="58" hits="1"/>
                <line number="59" hits="1"/>
                <line number="60" hits="1"/>
                <line number="63" hits="2"/>
                <line number="64" hits="2"/>
                <line number="65" hits="2"/>
                <line number="66" hits="2"/>
                <line number="67" hits="2"/>
                <line number="68" hits="2"/>
                <line number="69" hits="2"/>
                <line number="71" hits="2"/>
                <line number="72" hits="2"/>
                <line number="74" hits="2"/>
                <line number="75" hits="2"/>
                <line number="76" hits="2"/>
                <line number="77" hits="2"/>
                <line number="78" hits="2"/>
                <line number="80" hits="2"/>
                <line number="82" hits="2"/>
                <line number="83" hits="1"/>
                <line number="84" hits="1"/>
                <line number="87" hits="2"/>
                <line number="88" hits="2"/>
                <line number="91" hits="2"/>
              </lines>
            </method>
            <method name="edit" signature="Playground\Lead\Models\Lead $lead, Playground\Lead\Resource\Http\Requests\Lead\EditRequest $request" line-rate="1" branch-rate="0" complexity="3">
              <lines>
                <line number="104" hits="3"/>
                <line number="106" hits="3"/>
                <line number="108" hits="3"/>
                <line number="109" hits="1"/>
                <line number="110" hits="1"/>
                <line number="111" hits="1"/>
                <line number="114" hits="2"/>
                <line number="116" hits="2"/>
                <line number="117" hits="1"/>
                <line number="118" hits="1"/>
                <line number="121" hits="2"/>
                <line number="122" hits="2"/>
                <line number="123" hits="2"/>
                <line number="124" hits="2"/>
                <line number="125" hits="2"/>
                <line number="126" hits="2"/>
                <line number="127" hits="2"/>
                <line number="129" hits="2"/>
                <line number="130" hits="2"/>
                <line number="132" hits="2"/>
                <line number="133" hits="2"/>
                <line number="134" hits="2"/>
                <line number="135" hits="2"/>
                <line number="136" hits="2"/>
                <line number="138" hits="2"/>
                <line number="140" hits="2"/>
              </lines>
            </method>
            <method name="destroy" signature="Playground\Lead\Models\Lead $lead, Playground\Lead\Resource\Http\Requests\Lead\DestroyRequest $request" line-rate="1" branch-rate="0" complexity="6">
              <lines>
                <line number="153" hits="7"/>
                <line number="155" hits="7"/>
                <line number="157" hits="7"/>
                <line number="158" hits="7"/>
                <line number="161" hits="7"/>
                <line number="162" hits="5"/>
                <line number="164" hits="2"/>
                <line number="167" hits="7"/>
                <line number="168" hits="4"/>
                <line number="171" hits="3"/>
                <line number="173" hits="3"/>
                <line number="174" hits="1"/>
                <line number="177" hits="2"/>
              </lines>
            </method>
            <method name="lock" signature="Playground\Lead\Models\Lead $lead, Playground\Lead\Resource\Http\Requests\Lead\LockRequest $request" line-rate="1" branch-rate="0" complexity="5">
              <lines>
                <line number="190" hits="4"/>
                <line number="192" hits="4"/>
                <line number="194" hits="4"/>
                <line number="195" hits="4"/>
                <line number="198" hits="4"/>
                <line number="200" hits="4"/>
                <line number="202" hits="4"/>
                <line number="203" hits="4"/>
                <line number="204" hits="4"/>
                <line number="205" hits="4"/>
                <line number="206" hits="4"/>
                <line number="207" hits="4"/>
                <line number="209" hits="4"/>
                <line number="210" hits="2"/>
                <line number="211" hits="2"/>
                <line number="212" hits="2"/>
                <line number="215" hits="2"/>
                <line number="217" hits="2"/>
                <line number="218" hits="1"/>
                <line number="221" hits="1"/>
                <line number="222" hits="1"/>
                <line number="223" hits="1"/>
                <line number="224" hits="1"/>
              </lines>
            </method>
            <method name="index" signature="Playground\Lead\Resource\Http\Requests\Lead\IndexRequest $request" line-rate="1" branch-rate="0" complexity="6">
              <lines>
                <line number="236" hits="4"/>
                <line number="238" hits="4"/>
                <line number="240" hits="4"/>
                <line number="242" hits="4"/>
                <line number="244" hits="4"/>
                <line number="246" hits="2"/>
                <line number="248" hits="2"/>
                <line number="249" hits="2"/>
                <line number="250" hits="2"/>
                <line number="251" hits="2"/>
                <line number="253" hits="2"/>
                <line number="254" hits="2"/>
                <line number="255" hits="2"/>
                <line number="256" hits="2"/>
                <line number="258" hits="2"/>
                <line number="259" hits="2"/>
                <line number="260" hits="2"/>
                <line number="261" hits="2"/>
                <line number="263" hits="2"/>
                <line number="264" hits="2"/>
                <line number="265" hits="2"/>
                <line number="266" hits="2"/>
                <line number="269" hits="4"/>
                <line number="270" hits="4"/>
                <line number="272" hits="4"/>
                <line number="274" hits="4"/>
                <line number="275" hits="2"/>
                <line number="278" hits="2"/>
                <line number="279" hits="2"/>
                <line number="280" hits="2"/>
                <line number="281" hits="2"/>
                <line number="282" hits="2"/>
                <line number="283" hits="2"/>
                <line number="284" hits="2"/>
                <line number="285" hits="2"/>
                <line number="286" hits="2"/>
                <line number="287" hits="2"/>
                <line number="288" hits="2"/>
                <line number="289" hits="2"/>
                <line number="291" hits="2"/>
                <line number="292" hits="2"/>
                <line number="293" hits="2"/>
                <line number="294" hits="2"/>
                <line number="296" hits="2"/>
              </lines>
            </method>
            <method name="restore" signature="Playground\Lead\Models\Lead $lead, Playground\Lead\Resource\Http\Requests\Lead\RestoreRequest $request" line-rate="1" branch-rate="0" complexity="5">
              <lines>
                <line number="309" hits="4"/>
                <line number="311" hits="4"/>
                <line number="313" hits="4"/>
                <line number="314" hits="4"/>
                <line number="317" hits="4"/>
                <line number="319" hits="4"/>
                <line number="320" hits="2"/>
                <line number="321" hits="2"/>
                <line number="322" hits="2"/>
                <line number="325" hits="2"/>
                <line number="327" hits="2"/>
                <line number="328" hits="1"/>
                <line number="331" hits="1"/>
                <line number="332" hits="1"/>
                <line number="333" hits="1"/>
                <line number="334" hits="1"/>
              </lines>
            </method>
            <method name="show" signature="Playground\Lead\Models\Lead $lead, Playground\Lead\Resource\Http\Requests\Lead\ShowRequest $request" line-rate="1" branch-rate="0" complexity="2">
              <lines>
                <line number="347" hits="2"/>
                <line number="349" hits="2"/>
                <line number="351" hits="2"/>
                <line number="352" hits="2"/>
                <line number="353" hits="2"/>
                <line number="354" hits="2"/>
                <line number="355" hits="2"/>
                <line number="356" hits="2"/>
                <line number="357" hits="2"/>
                <line number="359" hits="2"/>
                <line number="360" hits="1"/>
                <line number="361" hits="1"/>
                <line number="362" hits="1"/>
                <line number="365" hits="1"/>
                <line number="366" hits="1"/>
                <line number="368" hits="1"/>
                <line number="369" hits="1"/>
                <line number="370" hits="1"/>
                <line number="371" hits="1"/>
                <line number="373" hits="1"/>
              </lines>
            </method>
            <method name="store" signature="Playground\Lead\Resource\Http\Requests\Lead\StoreRequest $request" line-rate="1" branch-rate="0" complexity="5">
              <lines>
                <line number="385" hits="3"/>
                <line number="387" hits="3"/>
                <line number="389" hits="3"/>
                <line number="391" hits="3"/>
                <line number="392" hits="3"/>
                <line number="395" hits="3"/>
                <line number="397" hits="3"/>
                <line number="398" hits="1"/>
                <line number="399" hits="1"/>
                <line number="400" hits="1"/>
                <line number="403" hits="2"/>
                <line number="405" hits="2"/>
                <line number="406" hits="1"/>
                <line number="409" hits="1"/>
                <line number="410" hits="1"/>
                <line number="411" hits="1"/>
                <line number="412" hits="1"/>
              </lines>
            </method>
            <method name="unlock" signature="Playground\Lead\Models\Lead $lead, Playground\Lead\Resource\Http\Requests\Lead\UnlockRequest $request" line-rate="1" branch-rate="0" complexity="5">
              <lines>
                <line number="425" hits="4"/>
                <line number="427" hits="4"/>
                <line number="429" hits="4"/>
                <line number="431" hits="4"/>
                <line number="432" hits="4"/>
                <line number="435" hits="4"/>
                <line number="437" hits="4"/>
                <line number="438" hits="2"/>
                <line number="439" hits="2"/>
                <line number="440" hits="2"/>
                <line number="443" hits="2"/>
                <line number="445" hits="2"/>
                <line number="446" hits="1"/>
                <line number="449" hits="1"/>
                <line number="450" hits="1"/>
                <line number="451" hits="1"/>
                <line number="452" hits="1"/>
              </lines>
            </method>
            <method name="update" signature="Playground\Lead\Models\Lead $lead, Playground\Lead\Resource\Http\Requests\Lead\UpdateRequest $request" line-rate="1" branch-rate="0" complexity="5">
              <lines>
                <line number="465" hits="3"/>
                <line number="467" hits="3"/>
                <line number="469" hits="3"/>
                <line number="471" hits="3"/>
                <line number="472" hits="3"/>
                <line number="475" hits="3"/>
                <line number="476" hits="1"/>
                <line number="477" hits="1"/>
                <line number="478" hits="1"/>
                <line number="481" hits="2"/>
                <line number="483" hits="2"/>
                <line number="484" hits="1"/>
                <line number="487" hits="1"/>
                <line number="488" hits="1"/>
                <line number="489" hits="1"/>
                <line number="490" hits="1"/>
              </lines>
            </method>
          </methods>
          <lines>
            <line number="51" hits="3"/>
            <line number="53" hits="3"/>
            <line number="55" hits="3"/>
            <line number="57" hits="3"/>
            <line number="58" hits="1"/>
            <line number="59" hits="1"/>
            <line number="60" hits="1"/>
            <line number="63" hits="2"/>
            <line number="64" hits="2"/>
            <line number="65" hits="2"/>
            <line number="66" hits="2"/>
            <line number="67" hits="2"/>
            <line number="68" hits="2"/>
            <line number="69" hits="2"/>
            <line number="71" hits="2"/>
            <line number="72" hits="2"/>
            <line number="74" hits="2"/>
            <line number="75" hits="2"/>
            <line number="76" hits="2"/>
            <line number="77" hits="2"/>
            <line number="78" hits="2"/>
            <line number="80" hits="2"/>
            <line number="82" hits="2"/>
            <line number="83" hits="1"/>
            <line number="84" hits="1"/>
            <line number="87" hits="2"/>
            <line number="88" hits="2"/>
            <line number="91" hits="2"/>
            <line number="104" hits="3"/>
            <line number="106" hits="3"/>
            <line number="108" hits="3"/>
            <line number="109" hits="1"/>
            <line number="110" hits="1"/>
            <line number="111" hits="1"/>
            <line number="114" hits="2"/>
            <line number="116" hits="2"/>
            <line number="117" hits="1"/>
            <line number="118" hits="1"/>
            <line number="121" hits="2"/>
            <line number="122" hits="2"/>
            <line number="123" hits="2"/>
            <line number="124" hits="2"/>
            <line number="125" hits="2"/>
            <line number="126" hits="2"/>
            <line number="127" hits="2"/>
            <line number="129" hits="2"/>
            <line number="130" hits="2"/>
            <line number="132" hits="2"/>
            <line number="133" hits="2"/>
            <line number="134" hits="2"/>
            <line number="135" hits="2"/>
            <line number="136" hits="2"/>
            <line number="138" hits="2"/>
            <line number="140" hits="2"/>
            <line number="153" hits="7"/>
            <line number="155" hits="7"/>
            <line number="157" hits="7"/>
            <line number="158" hits="7"/>
            <line number="161" hits="7"/>
            <line number="162" hits="5"/>
            <line number="164" hits="2"/>
            <line number="167" hits="7"/>
            <line number="168" hits="4"/>
            <line number="171" hits="3"/>
            <line number="173" hits="3"/>
            <line number="174" hits="1"/>
            <line number="177" hits="2"/>
            <line number="190" hits="4"/>
            <line number="192" hits="4"/>
            <line number="194" hits="4"/>
            <line number="195" hits="4"/>
            <line number="198" hits="4"/>
            <line number="200" hits="4"/>
            <line number="202" hits="4"/>
            <line number="203" hits="4"/>
            <line number="204" hits="4"/>
            <line number="205" hits="4"/>
            <line number="206" hits="4"/>
            <line number="207" hits="4"/>
            <line number="209" hits="4"/>
            <line number="210" hits="2"/>
            <line number="211" hits="2"/>
            <line number="212" hits="2"/>
            <line number="215" hits="2"/>
            <line number="217" hits="2"/>
            <line number="218" hits="1"/>
            <line number="221" hits="1"/>
            <line number="222" hits="1"/>
            <line number="223" hits="1"/>
            <line number="224" hits="1"/>
            <line number="236" hits="4"/>
            <line number="238" hits="4"/>
            <line number="240" hits="4"/>
            <line number="242" hits="4"/>
            <line number="244" hits="4"/>
            <line number="246" hits="2"/>
            <line number="248" hits="2"/>
            <line number="249" hits="2"/>
            <line number="250" hits="2"/>
            <line number="251" hits="2"/>
            <line number="253" hits="2"/>
            <line number="254" hits="2"/>
            <line number="255" hits="2"/>
            <line number="256" hits="2"/>
            <line number="258" hits="2"/>
            <line number="259" hits="2"/>
            <line number="260" hits="2"/>
            <line number="261" hits="2"/>
            <line number="263" hits="2"/>
            <line number="264" hits="2"/>
            <line number="265" hits="2"/>
            <line number="266" hits="2"/>
            <line number="269" hits="4"/>
            <line number="270" hits="4"/>
            <line number="272" hits="4"/>
            <line number="274" hits="4"/>
            <line number="275" hits="2"/>
            <line number="278" hits="2"/>
            <line number="279" hits="2"/>
            <line number="280" hits="2"/>
            <line number="281" hits="2"/>
            <line number="282" hits="2"/>
            <line number="283" hits="2"/>
            <line number="284" hits="2"/>
            <line number="285" hits="2"/>
            <line number="286" hits="2"/>
            <line number="287" hits="2"/>
            <line number="288" hits="2"/>
            <line number="289" hits="2"/>
            <line number="291" hits="2"/>
            <line number="292" hits="2"/>
            <line number="293" hits="2"/>
            <line number="294" hits="2"/>
            <line number="296" hits="2"/>
            <line number="309" hits="4"/>
            <line number="311" hits="4"/>
            <line number="313" hits="4"/>
            <line number="314" hits="4"/>
            <line number="317" hits="4"/>
            <line number="319" hits="4"/>
            <line number="320" hits="2"/>
            <line number="321" hits="2"/>
            <line number="322" hits="2"/>
            <line number="325" hits="2"/>
            <line number="327" hits="2"/>
            <line number="328" hits="1"/>
            <line number="331" hits="1"/>
            <line number="332" hits="1"/>
            <line number="333" hits="1"/>
            <line number="334" hits="1"/>
            <line number="347" hits="2"/>
            <line number="349" hits="2"/>
            <line number="351" hits="2"/>
            <line number="352" hits="2"/>
            <line number="353" hits="2"/>
            <line number="354" hits="2"/>
            <line number="355" hits="2"/>
            <line number="356" hits="2"/>
            <line number="357" hits="2"/>
            <line number="359" hits="2"/>
            <line number="360" hits="1"/>
            <line number="361" hits="1"/>
            <line number="362" hits="1"/>
            <line number="365" hits="1"/>
            <line number="366" hits="1"/>
            <line number="368" hits="1"/>
            <line number="369" hits="1"/>
            <line number="370" hits="1"/>
            <line number="371" hits="1"/>
            <line number="373" hits="1"/>
            <line number="385" hits="3"/>
            <line number="387" hits="3"/>
            <line number="389" hits="3"/>
            <line number="391" hits="3"/>
            <line number="392" hits="3"/>
            <line number="395" hits="3"/>
            <line number="397" hits="3"/>
            <line number="398" hits="1"/>
            <line number="399" hits="1"/>
            <line number="400" hits="1"/>
            <line number="403" hits="2"/>
            <line number="405" hits="2"/>
            <line number="406" hits="1"/>
            <line number="409" hits="1"/>
            <line number="410" hits="1"/>
            <line number="411" hits="1"/>
            <line number="412" hits="1"/>
            <line number="425" hits="4"/>
            <line number="427" hits="4"/>
            <line number="429" hits="4"/>
            <line number="431" hits="4"/>
            <line number="432" hits="4"/>
            <line number="435" hits="4"/>
            <line number="437" hits="4"/>
            <line number="438" hits="2"/>
            <line number="439" hits="2"/>
            <line number="440" hits="2"/>
            <line number="443" hits="2"/>
            <line number="445" hits="2"/>
            <line number="446" hits="1"/>
            <line number="449" hits="1"/>
            <line number="450" hits="1"/>
            <line number="451" hits="1"/>
            <line number="452" hits="1"/>
            <line number="465" hits="3"/>
            <line number="467" hits="3"/>
            <line number="469" hits="3"/>
            <line number="471" hits="3"/>
            <line number="472" hits="3"/>
            <line number="475" hits="3"/>
            <line number="476" hits="1"/>
            <line number="477" hits="1"/>
            <line number="478" hits="1"/>
            <line number="481" hits="2"/>
            <line number="483" hits="2"/>
            <line number="484" hits="1"/>
            <line number="487" hits="1"/>
            <line number="488" hits="1"/>
            <line number="489" hits="1"/>
            <line number="490" hits="1"/>
          </lines>
        </class>
      </classes>
    </package>
    <package name="Http/Controllers/OpportunityController.php" line-rate="1" branch-rate="0" complexity="46">
      <classes>
        <class name="Playground\Lead\Resource\Http\Controllers\OpportunityController" filename="Http/Controllers/OpportunityController.php" line-rate="1" branch-rate="0" complexity="46">
          <methods>
            <method name="create" signature="Playground\Lead\Resource\Http\Requests\Opportunity\CreateRequest $request" line-rate="1" branch-rate="0" complexity="4">
              <lines>
                <line number="51" hits="3"/>
                <line number="53" hits="3"/>
                <line number="55" hits="3"/>
                <line number="57" hits="3"/>
                <line number="58" hits="1"/>
                <line number="59" hits="1"/>
                <line number="60" hits="1"/>
                <line number="63" hits="2"/>
                <line number="64" hits="2"/>
                <line number="65" hits="2"/>
                <line number="66" hits="2"/>
                <line number="67" hits="2"/>
                <line number="68" hits="2"/>
                <line number="69" hits="2"/>
                <line number="71" hits="2"/>
                <line number="72" hits="2"/>
                <line number="74" hits="2"/>
                <line number="75" hits="2"/>
                <line number="76" hits="2"/>
                <line number="77" hits="2"/>
                <line number="78" hits="2"/>
                <line number="80" hits="2"/>
                <line number="82" hits="2"/>
                <line number="83" hits="1"/>
                <line number="84" hits="1"/>
                <line number="87" hits="2"/>
                <line number="88" hits="2"/>
                <line number="91" hits="2"/>
              </lines>
            </method>
            <method name="edit" signature="Playground\Lead\Models\Opportunity $opportunity, Playground\Lead\Resource\Http\Requests\Opportunity\EditRequest $request" line-rate="1" branch-rate="0" complexity="3">
              <lines>
                <line number="104" hits="3"/>
                <line number="106" hits="3"/>
                <line number="108" hits="3"/>
                <line number="109" hits="1"/>
                <line number="110" hits="1"/>
                <line number="111" hits="1"/>
                <line number="114" hits="2"/>
                <line number="116" hits="2"/>
                <line number="117" hits="1"/>
                <line number="118" hits="1"/>
                <line number="121" hits="2"/>
                <line number="122" hits="2"/>
                <line number="123" hits="2"/>
                <line number="124" hits="2"/>
                <line number="125" hits="2"/>
                <line number="126" hits="2"/>
                <line number="127" hits="2"/>
                <line number="129" hits="2"/>
                <line number="130" hits="2"/>
                <line number="132" hits="2"/>
                <line number="133" hits="2"/>
                <line number="134" hits="2"/>
                <line number="135" hits="2"/>
                <line number="136" hits="2"/>
                <line number="138" hits="2"/>
                <line number="140" hits="2"/>
              </lines>
            </method>
            <method name="destroy" signature="Playground\Lead\Models\Opportunity $opportunity, Playground\Lead\Resource\Http\Requests\Opportunity\DestroyRequest $request" line-rate="1" branch-rate="0" complexity="6">
              <lines>
                <line number="153" hits="7"/>
                <line number="155" hits="7"/>
                <line number="157" hits="7"/>
                <line number="158" hits="7"/>
                <line number="161" hits="7"/>
                <line number="162" hits="5"/>
                <line number="164" hits="2"/>
                <line number="167" hits="7"/>
                <line number="168" hits="4"/>
                <line number="171" hits="3"/>
                <line number="173" hits="3"/>
                <line number="174" hits="1"/>
                <line number="177" hits="2"/>
              </lines>
            </method>
            <method name="lock" signature="Playground\Lead\Models\Opportunity $opportunity, Playground\Lead\Resource\Http\Requests\Opportunity\LockRequest $request" line-rate="1" branch-rate="0" complexity="5">
              <lines>
                <line number="190" hits="4"/>
                <line number="192" hits="4"/>
                <line number="194" hits="4"/>
                <line number="195" hits="4"/>
                <line number="198" hits="4"/>
                <line number="200" hits="4"/>
                <line number="202" hits="4"/>
                <line number="203" hits="4"/>
                <line number="204" hits="4"/>
                <line number="205" hits="4"/>
                <line number="206" hits="4"/>
                <line number="207" hits="4"/>
                <line number="209" hits="4"/>
                <line number="210" hits="2"/>
                <line number="211" hits="2"/>
                <line number="212" hits="2"/>
                <line number="215" hits="2"/>
                <line number="217" hits="2"/>
                <line number="218" hits="1"/>
                <line number="221" hits="1"/>
                <line number="222" hits="1"/>
                <line number="223" hits="1"/>
                <line number="224" hits="1"/>
              </lines>
            </method>
            <method name="index" signature="Playground\Lead\Resource\Http\Requests\Opportunity\IndexRequest $request" line-rate="1" branch-rate="0" complexity="6">
              <lines>
                <line number="236" hits="4"/>
                <line number="238" hits="4"/>
                <line number="240" hits="4"/>
                <line number="242" hits="4"/>
                <line number="244" hits="4"/>
                <line number="246" hits="2"/>
                <line number="248" hits="2"/>
                <line number="249" hits="2"/>
                <line number="250" hits="2"/>
                <line number="251" hits="2"/>
                <line number="253" hits="2"/>
                <line number="254" hits="2"/>
                <line number="255" hits="2"/>
                <line number="256" hits="2"/>
                <line number="258" hits="2"/>
                <line number="259" hits="2"/>
                <line number="260" hits="2"/>
                <line number="261" hits="2"/>
                <line number="263" hits="2"/>
                <line number="264" hits="2"/>
                <line number="265" hits="2"/>
                <line number="266" hits="2"/>
                <line number="269" hits="4"/>
                <line number="270" hits="4"/>
                <line number="272" hits="4"/>
                <line number="274" hits="4"/>
                <line number="275" hits="2"/>
                <line number="278" hits="2"/>
                <line number="279" hits="2"/>
                <line number="280" hits="2"/>
                <line number="281" hits="2"/>
                <line number="282" hits="2"/>
                <line number="283" hits="2"/>
                <line number="284" hits="2"/>
                <line number="285" hits="2"/>
                <line number="286" hits="2"/>
                <line number="287" hits="2"/>
                <line number="288" hits="2"/>
                <line number="289" hits="2"/>
                <line number="291" hits="2"/>
                <line number="292" hits="2"/>
                <line number="293" hits="2"/>
                <line number="294" hits="2"/>
                <line number="296" hits="2"/>
              </lines>
            </method>
            <method name="restore" signature="Playground\Lead\Models\Opportunity $opportunity, Playground\Lead\Resource\Http\Requests\Opportunity\RestoreRequest $request" line-rate="1" branch-rate="0" complexity="5">
              <lines>
                <line number="309" hits="4"/>
                <line number="311" hits="4"/>
                <line number="313" hits="4"/>
                <line number="314" hits="4"/>
                <line number="317" hits="4"/>
                <line number="319" hits="4"/>
                <line number="320" hits="2"/>
                <line number="321" hits="2"/>
                <line number="322" hits="2"/>
                <line number="325" hits="2"/>
                <line number="327" hits="2"/>
                <line number="328" hits="1"/>
                <line number="331" hits="1"/>
                <line number="332" hits="1"/>
                <line number="333" hits="1"/>
                <line number="334" hits="1"/>
              </lines>
            </method>
            <method name="show" signature="Playground\Lead\Models\Opportunity $opportunity, Playground\Lead\Resource\Http\Requests\Opportunity\ShowRequest $request" line-rate="1" branch-rate="0" complexity="2">
              <lines>
                <line number="347" hits="2"/>
                <line number="349" hits="2"/>
                <line number="351" hits="2"/>
                <line number="352" hits="2"/>
                <line number="353" hits="2"/>
                <line number="354" hits="2"/>
                <line number="355" hits="2"/>
                <line number="356" hits="2"/>
                <line number="357" hits="2"/>
                <line number="359" hits="2"/>
                <line number="360" hits="1"/>
                <line number="361" hits="1"/>
                <line number="362" hits="1"/>
                <line number="365" hits="1"/>
                <line number="366" hits="1"/>
                <line number="368" hits="1"/>
                <line number="369" hits="1"/>
                <line number="370" hits="1"/>
                <line number="371" hits="1"/>
                <line number="373" hits="1"/>
              </lines>
            </method>
            <method name="store" signature="Playground\Lead\Resource\Http\Requests\Opportunity\StoreRequest $request" line-rate="1" branch-rate="0" complexity="5">
              <lines>
                <line number="385" hits="3"/>
                <line number="387" hits="3"/>
                <line number="389" hits="3"/>
                <line number="391" hits="3"/>
                <line number="392" hits="3"/>
                <line number="395" hits="3"/>
                <line number="397" hits="3"/>
                <line number="398" hits="1"/>
                <line number="399" hits="1"/>
                <line number="400" hits="1"/>
                <line number="403" hits="2"/>
                <line number="405" hits="2"/>
                <line number="406" hits="1"/>
                <line number="409" hits="1"/>
                <line number="410" hits="1"/>
                <line number="411" hits="1"/>
                <line number="412" hits="1"/>
              </lines>
            </method>
            <method name="unlock" signature="Playground\Lead\Models\Opportunity $opportunity, Playground\Lead\Resource\Http\Requests\Opportunity\UnlockRequest $request" line-rate="1" branch-rate="0" complexity="5">
              <lines>
                <line number="425" hits="4"/>
                <line number="427" hits="4"/>
                <line number="429" hits="4"/>
                <line number="431" hits="4"/>
                <line number="432" hits="4"/>
                <line number="435" hits="4"/>
                <line number="437" hits="4"/>
                <line number="438" hits="2"/>
                <line number="439" hits="2"/>
                <line number="440" hits="2"/>
                <line number="443" hits="2"/>
                <line number="445" hits="2"/>
                <line number="446" hits="1"/>
[...]
      <classes>
        <class name="Playground\Lead\Resource\Http\Resources\TeamCollection" filename="Http/Resources/TeamCollection.php" line-rate="1" branch-rate="0" complexity="1">
          <methods>
            <method name="with" signature="Illuminate\Http\Request $request" line-rate="1" branch-rate="0" complexity="1">
              <lines>
                <line number="27" hits="2"/>
                <line number="28" hits="2"/>
                <line number="29" hits="2"/>
                <line number="30" hits="2"/>
                <line number="31" hits="2"/>
                <line number="32" hits="2"/>
                <line number="33" hits="2"/>
                <line number="34" hits="2"/>
                <line number="35" hits="2"/>
                <line number="36" hits="2"/>
                <line number="37" hits="2"/>
                <line number="38" hits="2"/>
                <line number="39" hits="2"/>
              </lines>
            </method>
          </methods>
          <lines>
            <line number="27" hits="2"/>
            <line number="28" hits="2"/>
            <line number="29" hits="2"/>
            <line number="30" hits="2"/>
            <line number="31" hits="2"/>
            <line number="32" hits="2"/>
            <line number="33" hits="2"/>
            <line number="34" hits="2"/>
            <line number="35" hits="2"/>
            <line number="36" hits="2"/>
            <line number="37" hits="2"/>
            <line number="38" hits="2"/>
            <line number="39" hits="2"/>
          </lines>
        </class>
      </classes>
    </package>
    <package name="Http/Resources/Teammate.php" line-rate="1" branch-rate="0" complexity="1">
      <classes>
        <class name="Playground\Lead\Resource\Http\Resources\Teammate" filename="Http/Resources/Teammate.php" line-rate="1" branch-rate="0" complexity="1">
          <methods>
            <method name="with" signature="Illuminate\Http\Request $request" line-rate="1" branch-rate="0" complexity="1">
              <lines>
                <line number="32" hits="11"/>
                <line number="37" hits="11"/>
                <line number="39" hits="11"/>
                <line number="40" hits="11"/>
                <line number="41" hits="11"/>
                <line number="42" hits="11"/>
                <line number="43" hits="11"/>
                <line number="44" hits="11"/>
                <line number="45" hits="11"/>
                <line number="46" hits="11"/>
                <line number="47" hits="11"/>
              </lines>
            </method>
          </methods>
          <lines>
            <line number="32" hits="11"/>
            <line number="37" hits="11"/>
            <line number="39" hits="11"/>
            <line number="40" hits="11"/>
            <line number="41" hits="11"/>
            <line number="42" hits="11"/>
            <line number="43" hits="11"/>
            <line number="44" hits="11"/>
            <line number="45" hits="11"/>
            <line number="46" hits="11"/>
            <line number="47" hits="11"/>
          </lines>
        </class>
      </classes>
    </package>
    <package name="Http/Resources/TeammateCollection.php" line-rate="1" branch-rate="0" complexity="1">
      <classes>
        <class name="Playground\Lead\Resource\Http\Resources\TeammateCollection" filename="Http/Resources/TeammateCollection.php" line-rate="1" branch-rate="0" complexity="1">
          <methods>
            <method name="with" signature="Illuminate\Http\Request $request" line-rate="1" branch-rate="0" complexity="1">
              <lines>
                <line number="27" hits="2"/>
                <line number="28" hits="2"/>
                <line number="29" hits="2"/>
                <line number="30" hits="2"/>
                <line number="31" hits="2"/>
                <line number="32" hits="2"/>
                <line number="33" hits="2"/>
                <line number="34" hits="2"/>
                <line number="35" hits="2"/>
                <line number="36" hits="2"/>
                <line number="37" hits="2"/>
                <line number="38" hits="2"/>
                <line number="39" hits="2"/>
              </lines>
            </method>
          </methods>
          <lines>
            <line number="27" hits="2"/>
            <line number="28" hits="2"/>
            <line number="29" hits="2"/>
            <line number="30" hits="2"/>
            <line number="31" hits="2"/>
            <line number="32" hits="2"/>
            <line number="33" hits="2"/>
            <line number="34" hits="2"/>
            <line number="35" hits="2"/>
            <line number="36" hits="2"/>
            <line number="37" hits="2"/>
            <line number="38" hits="2"/>
            <line number="39" hits="2"/>
          </lines>
        </class>
      </classes>
    </package>
    <package name="Policies/CampaignPolicy.php" line-rate="0" branch-rate="0" complexity="0">
      <classes>
        <class name="Playground\Lead\Resource\Policies\CampaignPolicy" filename="Policies/CampaignPolicy.php" line-rate="0" branch-rate="0" complexity="0">
          <methods/>
          <lines/>
        </class>
      </classes>
    </package>
    <package name="Policies/GoalPolicy.php" line-rate="0" branch-rate="0" complexity="0">
      <classes>
        <class name="Playground\Lead\Resource\Policies\GoalPolicy" filename="Policies/GoalPolicy.php" line-rate="0" branch-rate="0" complexity="0">
          <methods/>
          <lines/>
        </class>
      </classes>
    </package>
    <package name="Policies/LeadPolicy.php" line-rate="0" branch-rate="0" complexity="0">
      <classes>
        <class name="Playground\Lead\Resource\Policies\LeadPolicy" filename="Policies/LeadPolicy.php" line-rate="0" branch-rate="0" complexity="0">
          <methods/>
          <lines/>
        </class>
      </classes>
    </package>
    <package name="Policies/OpportunityPolicy.php" line-rate="0" branch-rate="0" complexity="0">
      <classes>
        <class name="Playground\Lead\Resource\Policies\OpportunityPolicy" filename="Policies/OpportunityPolicy.php" line-rate="0" branch-rate="0" complexity="0">
          <methods/>
          <lines/>
        </class>
      </classes>
    </package>
    <package name="Policies/PlanPolicy.php" line-rate="0" branch-rate="0" complexity="0">
      <classes>
        <class name="Playground\Lead\Resource\Policies\PlanPolicy" filename="Policies/PlanPolicy.php" line-rate="0" branch-rate="0" complexity="0">
          <methods/>
          <lines/>
        </class>
      </classes>
    </package>
    <package name="Policies/RegionPolicy.php" line-rate="0" branch-rate="0" complexity="0">
      <classes>
        <class name="Playground\Lead\Resource\Policies\RegionPolicy" filename="Policies/RegionPolicy.php" line-rate="0" branch-rate="0" complexity="0">
          <methods/>
          <lines/>
        </class>
      </classes>
    </package>
    <package name="Policies/ReportPolicy.php" line-rate="0" branch-rate="0" complexity="0">
      <classes>
        <class name="Playground\Lead\Resource\Policies\ReportPolicy" filename="Policies/ReportPolicy.php" line-rate="0" branch-rate="0" complexity="0">
          <methods/>
          <lines/>
        </class>
      </classes>
    </package>
    <package name="Policies/SourcePolicy.php" line-rate="0" branch-rate="0" complexity="0">
      <classes>
        <class name="Playground\Lead\Resource\Policies\SourcePolicy" filename="Policies/SourcePolicy.php" line-rate="0" branch-rate="0" complexity="0">
          <methods/>
          <lines/>
        </class>
      </classes>
    </package>
    <package name="Policies/TaskPolicy.php" line-rate="0" branch-rate="0" complexity="0">
      <classes>
        <class name="Playground\Lead\Resource\Policies\TaskPolicy" filename="Policies/TaskPolicy.php" line-rate="0" branch-rate="0" complexity="0">
          <methods/>
          <lines/>
        </class>
      </classes>
    </package>
    <package name="Policies/TeamPolicy.php" line-rate="0" branch-rate="0" complexity="0">
      <classes>
        <class name="Playground\Lead\Resource\Policies\TeamPolicy" filename="Policies/TeamPolicy.php" line-rate="0" branch-rate="0" complexity="0">
          <methods/>
          <lines/>
        </class>
      </classes>
    </package>
    <package name="Policies/TeammatePolicy.php" line-rate="0" branch-rate="0" complexity="0">
      <classes>
        <class name="Playground\Lead\Resource\Policies\TeammatePolicy" filename="Policies/TeammatePolicy.php" line-rate="0" branch-rate="0" complexity="0">
          <methods/>
          <lines/>
        </class>
      </classes>
    </package>
    <package name="ServiceProvider.php" line-rate="1" branch-rate="0" complexity="70">
      <classes>
        <class name="Playground\Lead\Resource\ServiceProvider" filename="ServiceProvider.php" line-rate="1" branch-rate="0" complexity="70">
          <methods>
            <method name="boot" signature="" line-rate="1" branch-rate="0" complexity="13">
              <lines>
                <line number="31" hits="970"/>
                <line number="33" hits="970"/>
                <line number="35" hits="970"/>
                <line number="36" hits="970"/>
                <line number="37" hits="970"/>
                <line number="38" hits="970"/>
                <line number="39" hits="970"/>
                <line number="42" hits="970"/>
                <line number="43" hits="970"/>
                <line number="44" hits="970"/>
                <line number="46" hits="970"/>
                <line number="47" hits="970"/>
                <line number="50" hits="970"/>
                <line number="51" hits="970"/>
                <line number="52" hits="970"/>
                <line number="54" hits="970"/>
                <line number="57" hits="970"/>
                <line number="58" hits="970"/>
                <line number="59" hits="970"/>
                <line number="60" hits="970"/>
                <line number="61" hits="970"/>
                <line number="65" hits="970"/>
                <line number="67" hits="970"/>
                <line number="68" hits="970"/>
                <line number="69" hits="970"/>
                <line number="72" hits="970"/>
                <line number="73" hits="970"/>
                <line number="74" hits="970"/>
                <line number="77" hits="970"/>
                <line number="78" hits="970"/>
              </lines>
            </method>
            <method name="register" signature="" line-rate="1" branch-rate="0" complexity="1">
              <lines>
                <line number="87" hits="970"/>
                <line number="88" hits="970"/>
                <line number="89" hits="970"/>
                <line number="90" hits="970"/>
              </lines>
            </method>
            <method name="setPolicies" signature="array $policies" line-rate="1" branch-rate="0" complexity="10">
              <lines>
                <line number="100" hits="970"/>
                <line number="101" hits="970"/>
                <line number="102" hits="1"/>
                <line number="103" hits="1"/>
                <line number="104" hits="1"/>
                <line number="105" hits="1"/>
                <line number="106" hits="1"/>
                <line number="107" hits="1"/>
                <line number="109" hits="1"/>
                <line number="111" hits="970"/>
                <line number="112" hits="1"/>
                <line number="113" hits="1"/>
                <line number="114" hits="1"/>
                <line number="115" hits="1"/>
                <line number="116" hits="1"/>
                <line number="117" hits="1"/>
                <line number="119" hits="1"/>
                <line number="121" hits="970"/>
              </lines>
            </method>
            <method name="routes" signature="array $config" line-rate="1" branch-rate="0" complexity="13">
              <lines>
                <line number="130" hits="970"/>
                <line number="131" hits="970"/>
                <line number="133" hits="970"/>
                <line number="134" hits="970"/>
                <line number="136" hits="970"/>
                <line number="137" hits="970"/>
                <line number="139" hits="970"/>
                <line number="140" hits="970"/>
                <line number="142" hits="970"/>
                <line number="143" hits="970"/>
                <line number="145" hits="970"/>
                <line number="146" hits="970"/>
                <line number="148" hits="970"/>
                <line number="149" hits="970"/>
                <line number="151" hits="970"/>
                <line number="152" hits="970"/>
                <line number="154" hits="970"/>
                <line number="155" hits="970"/>
                <line number="157" hits="970"/>
                <line number="158" hits="970"/>
                <line number="160" hits="970"/>
                <line number="161" hits="970"/>
                <line number="163" hits="970"/>
                <line number="164" hits="970"/>
              </lines>
            </method>
            <method name="about" signature="" line-rate="1" branch-rate="0" complexity="33">
              <lines>
                <line number="170" hits="970"/>
                <line number="171" hits="970"/>
                <line number="173" hits="970"/>
                <line number="175" hits="970"/>
                <line number="177" hits="970"/>
                <line number="179" hits="970"/>
                <line number="181" hits="970"/>
                <line number="183" hits="970"/>
                <line number="184" hits="970"/>
                <line number="185" hits="970"/>
                <line number="186" hits="970"/>
                <line number="188" hits="970"/>
                <line number="189" hits="970"/>
                <line number="190" hits="970"/>
                <line number="192" hits="970"/>
                <line number="194" hits="970"/>
                <line number="195" hits="970"/>
                <line number="196" hits="970"/>
                <line number="197" hits="970"/>
                <line number="199" hits="970"/>
                <line number="200" hits="970"/>
                <line number="201" hits="970"/>
                <line number="202" hits="970"/>
                <line number="203" hits="970"/>
                <line number="204" hits="970"/>
                <line number="205" hits="970"/>
                <line number="206" hits="970"/>
                <line number="207" hits="970"/>
                <line number="208" hits="970"/>
                <line number="209" hits="970"/>
                <line number="210" hits="970"/>
                <line number="212" hits="970"/>
                <line number="213" hits="970"/>
                <line number="214" hits="970"/>
              </lines>
            </method>
          </methods>
          <lines>
            <line number="31" hits="970"/>
            <line number="33" hits="970"/>
            <line number="35" hits="970"/>
            <line number="36" hits="970"/>
            <line number="37" hits="970"/>
            <line number="38" hits="970"/>
            <line number="39" hits="970"/>
            <line number="42" hits="970"/>
            <line number="43" hits="970"/>
            <line number="44" hits="970"/>
            <line number="46" hits="970"/>
            <line number="47" hits="970"/>
            <line number="50" hits="970"/>
            <line number="51" hits="970"/>
            <line number="52" hits="970"/>
            <line number="54" hits="970"/>
            <line number="57" hits="970"/>
            <line number="58" hits="970"/>
            <line number="59" hits="970"/>
            <line number="60" hits="970"/>
            <line number="61" hits="970"/>
            <line number="65" hits="970"/>
            <line number="67" hits="970"/>
            <line number="68" hits="970"/>
            <line number="69" hits="970"/>
            <line number="72" hits="970"/>
            <line number="73" hits="970"/>
            <line number="74" hits="970"/>
            <line number="77" hits="970"/>
            <line number="78" hits="970"/>
            <line number="87" hits="970"/>
            <line number="88" hits="970"/>
            <line number="89" hits="970"/>
            <line number="90" hits="970"/>
            <line number="100" hits="970"/>
            <line number="101" hits="970"/>
            <line number="102" hits="1"/>
            <line number="103" hits="1"/>
            <line number="104" hits="1"/>
            <line number="105" hits="1"/>
            <line number="106" hits="1"/>
            <line number="107" hits="1"/>
            <line number="109" hits="1"/>
            <line number="111" hits="970"/>
            <line number="112" hits="1"/>
            <line number="113" hits="1"/>
            <line number="114" hits="1"/>
            <line number="115" hits="1"/>
            <line number="116" hits="1"/>
            <line number="117" hits="1"/>
            <line number="119" hits="1"/>
            <line number="121" hits="970"/>
            <line number="130" hits="970"/>
            <line number="131" hits="970"/>
            <line number="133" hits="970"/>
            <line number="134" hits="970"/>
            <line number="136" hits="970"/>
            <line number="137" hits="970"/>
            <line number="139" hits="970"/>
            <line number="140" hits="970"/>
            <line number="142" hits="970"/>
            <line number="143" hits="970"/>
            <line number="145" hits="970"/>
            <line number="146" hits="970"/>
            <line number="148" hits="970"/>
            <line number="149" hits="970"/>
            <line number="151" hits="970"/>
            <line number="152" hits="970"/>
            <line number="154" hits="970"/>
            <line number="155" hits="970"/>
            <line number="157" hits="970"/>
            <line number="158" hits="970"/>
            <line number="160" hits="970"/>
            <line number="161" hits="970"/>
            <line number="163" hits="970"/>
            <line number="164" hits="970"/>
            <line number="170" hits="970"/>
            <line number="171" hits="970"/>
            <line number="173" hits="970"/>
            <line number="175" hits="970"/>
            <line number="177" hits="970"/>
            <line number="179" hits="970"/>
            <line number="181" hits="970"/>
            <line number="183" hits="970"/>
            <line number="184" hits="970"/>
            <line number="185" hits="970"/>
            <line number="186" hits="970"/>
            <line number="188" hits="970"/>
            <line number="189" hits="970"/>
            <line number="190" hits="970"/>
            <line number="192" hits="970"/>
            <line number="194" hits="970"/>
            <line number="195" hits="970"/>
            <line number="196" hits="970"/>
            <line number="197" hits="970"/>
            <line number="199" hits="970"/>
            <line number="200" hits="970"/>
            <line number="201" hits="970"/>
            <line number="202" hits="970"/>
            <line number="203" hits="970"/>
            <line number="204" hits="970"/>
            <line number="205" hits="970"/>
            <line number="206" hits="970"/>
            <line number="207" hits="970"/>
            <line number="208" hits="970"/>
            <line number="209" hits="970"/>
            <line number="210" hits="970"/>
            <line number="212" hits="970"/>
            <line number="213" hits="970"/>
            <line number="214" hits="970"/>
          </lines>
        </class>
      </classes>
    </package>
  </packages>
</coverage>
